\o Loading monte.cxt 
\o 
\o 
\o 
\o 
\o 
\o *Info*    Run start for Point ID (41 1) on testbench [
\o           MultiChannel_EMG_IMP:TCA_3:1 ].
\o 
\o Resetting statistical vars
\o 
\o *Info*    Setting parameter values ...
\o 
\o Setting var Amp_input = "100u"
\o Setting var CM_DC = "0.9"
\o Setting var Freq_input = "500"
\o Setting var Vos = "0"
\o Setting temp(T) = 27
\o 
\o *Info*    Netlist Directory =
\o           /home/ykhuang/WorkingDir_XH018/Sim/MultiChannel_EMG_IMP/TCA_3/adexl/results/data/Interactive.95/1/MultiChannel_EMG_IMP:TCA_3:1/netlist
\o 
\o 
\o *Info*    Data Directory    =
\o           /home/ykhuang/WorkingDir_XH018/Sim/MultiChannel_EMG_IMP/TCA_3/adexl/results/data/Interactive.95/1/MultiChannel_EMG_IMP:TCA_3:1
\o 
\o 
\o *Info*    Creating Netlist for Point ID (41 1)
\o 
\o generate netlist...
\o Loading seCore.cxt 
\o function ansCdlCompPrim redefined
\o function ansCdlCompPrim redefined
\o Begin Incremental Netlisting Oct  5 16:53:42 2021
\o INFO (TECH-150003): The technology database "basic" has been automatically
\o updated from revision 226610(DM 0) to revision 227612(DM 3) in virtual memory.
\o WARNING (OSSHNL-160): The primitive, 'PRIMLIB/rpp1k1/spectre', was not used in the last netlisting session in this
\o current run directory. Therefore, re-netlisting all cell views where this
\o primitive is instantiated.
\o 
\o End netlisting Oct  5 16:53:42 2021
\o 
\o Netlisting Statistics:
\o 	Number of components:   49
\o 
\o 	Elapsed time:          1.0s (49.00/s)
\o Errors: 0	Warnings: 0
\o       ...successful.
\o compose simulator input file...
\o       ...successful.
\o 
\o *Info*    Running simulation on testbench [
\o           MultiChannel_EMG_IMP:TCA_3:1 ] for Point ID (41 1).
\o 
\o Delete psf data in /home/ykhuang/WorkingDir_XH018/Sim/MultiChannel_EMG_IMP/TCA_3/adexl/results/data/Interactive.95/1/MultiChannel_EMG_IMP:TCA_3:1/psf.
\o compose simulator input file...
\o       ...successful.
\o start simulator if needed...
\o       ...successful.
\o simulate...
\o To view the simulator output, right-click on the test name, result 
\o name, or any value in the "Results" tab of the Outputs section and 
\o choose "Output Log" menu option.
\o Loading paraplot.cxt 
\o INFO (ADE-3071): Simulation completed successfully.
\o reading simulation data...
\o       ...successful.
\o *Info*    Client has finished evaluating ... 
\o 
\o WARNING (OCN-6038): Results tran are not available for /home/ykhuang/WorkingDir_XH018/Sim/MultiChannel_EMG_IMP/TCA_3/adexl/results/data/Interactive.95/1/MultiChannel_EMG_IMP:TCA_3:1/psf. Use results() for a list of available results.
\o WARNING (OCN-6038): Results tran are not available for /home/ykhuang/WorkingDir_XH018/Sim/MultiChannel_EMG_IMP/TCA_3/adexl/results/data/Interactive.95/1/MultiChannel_EMG_IMP:TCA_3:1/psf. Use results() for a list of available results.
\e *Error* ("difference" 0 t nil ("*Error* difference: can't handle (nil - nil)"))
\e 
\e 
\o ERROR (ADE-2708): Evaluation of output 'InjectingCurrent_diff_tran' failed for point:'1' test:'MultiChannel_EMG_IMP:TCA_3:1'
\o 	Expression:'(IT("/M30/D") - IT("/M31/D"))'
\o 	because of the following error(s)
\o 	*Error* difference: can't handle (nil - nil).
\o Ensure that the definition of output is correct.
\o 
\o WARNING (OCN-6038): Results tran are not available for /home/ykhuang/WorkingDir_XH018/Sim/MultiChannel_EMG_IMP/TCA_3/adexl/results/data/Interactive.95/1/MultiChannel_EMG_IMP:TCA_3:1/psf. Use results() for a list of available results.
\o WARNING (OCN-6038): Results tran are not available for /home/ykhuang/WorkingDir_XH018/Sim/MultiChannel_EMG_IMP/TCA_3/adexl/results/data/Interactive.95/1/MultiChannel_EMG_IMP:TCA_3:1/psf. Use results() for a list of available results.
\e *Error* ("difference" 0 t nil ("*Error* difference: can't handle (nil - nil)"))
\e 
\e 
\o ERROR (ADE-2708): Evaluation of output 'Iout_diff_tran' failed for point:'1' test:'MultiChannel_EMG_IMP:TCA_3:1'
\o 	Expression:'(IT("/IPRB1/PLUS") - IT("/IPRB0/PLUS"))'
\o 	because of the following error(s)
\o 	*Error* difference: can't handle (nil - nil).
\o Ensure that the definition of output is correct.
\o 
\o WARNING (OCN-6038): Results tran are not available for /home/ykhuang/WorkingDir_XH018/Sim/MultiChannel_EMG_IMP/TCA_3/adexl/results/data/Interactive.95/1/MultiChannel_EMG_IMP:TCA_3:1/psf. Use results() for a list of available results.
\o WARNING (OCN-6038): Results tran are not available for /home/ykhuang/WorkingDir_XH018/Sim/MultiChannel_EMG_IMP/TCA_3/adexl/results/data/Interactive.95/1/MultiChannel_EMG_IMP:TCA_3:1/psf. Use results() for a list of available results.
\o WARNING (OCN-6038): Results tran are not available for /home/ykhuang/WorkingDir_XH018/Sim/MultiChannel_EMG_IMP/TCA_3/adexl/results/data/Interactive.95/1/MultiChannel_EMG_IMP:TCA_3:1/psf. Use results() for a list of available results.
\o WARNING (OCN-6038): Results tran are not available for /home/ykhuang/WorkingDir_XH018/Sim/MultiChannel_EMG_IMP/TCA_3/adexl/results/data/Interactive.95/1/MultiChannel_EMG_IMP:TCA_3:1/psf. Use results() for a list of available results.
\e *Error* ("difference" 0 t nil ("*Error* difference: can't handle (nil - nil)"))
\e 
\e 
\o ERROR (ADE-2708): Evaluation of output 'LPFout_diff_tran' failed for point:'1' test:'MultiChannel_EMG_IMP:TCA_3:1'
\o 	Expression:'(VT("/LPFoutp") - VT("/LPFoutn"))'
\o 	because of the following error(s)
\o 	*Error* difference: can't handle (nil - nil).
\o Ensure that the definition of output is correct.
\o 
\o WARNING (OCN-6038): Results tran are not available for /home/ykhuang/WorkingDir_XH018/Sim/MultiChannel_EMG_IMP/TCA_3/adexl/results/data/Interactive.95/1/MultiChannel_EMG_IMP:TCA_3:1/psf. Use results() for a list of available results.
\o WARNING (OCN-6038): Results tran are not available for /home/ykhuang/WorkingDir_XH018/Sim/MultiChannel_EMG_IMP/TCA_3/adexl/results/data/Interactive.95/1/MultiChannel_EMG_IMP:TCA_3:1/psf. Use results() for a list of available results.
\o WARNING (OCN-6038): Results tran are not available for /home/ykhuang/WorkingDir_XH018/Sim/MultiChannel_EMG_IMP/TCA_3/adexl/results/data/Interactive.95/1/MultiChannel_EMG_IMP:TCA_3:1/psf. Use results() for a list of available results.
\o WARNING (OCN-6038): Results tran are not available for /home/ykhuang/WorkingDir_XH018/Sim/MultiChannel_EMG_IMP/TCA_3/adexl/results/data/Interactive.95/1/MultiChannel_EMG_IMP:TCA_3:1/psf. Use results() for a list of available results.
\e *Error* ("difference" 0 t nil ("*Error* difference: can't handle (nil - nil)"))
\e 
\e 
\o ERROR (ADE-2708): Evaluation of output 'Vs_diff_tran' failed for point:'1' test:'MultiChannel_EMG_IMP:TCA_3:1'
\o 	Expression:'(VT("/VSp") - VT("/VSn"))'
\o 	because of the following error(s)
\o 	*Error* difference: can't handle (nil - nil).
\o Ensure that the definition of output is correct.
\o 
\o 
\o *Info*    Run complete for Point ID (41 1) on testbench [
\o           MultiChannel_EMG_IMP:TCA_3:1 ].
\o 
\o 
\o 
\o 
\o 
