\o Program:		@(#)$CDS: libManager version 6.1.8 - CAT37 09/03/2019 21:35 (ip-172-18-22-89) $
\o Sub version:		sub-version  s061 
\o Arguments:		-mpssession virtuoso10203 -mpshost s2424 
\o Working Directory:	s2424:/home/ykhuang/WorkingDir_XH018
\o 64-bit offsets
\o Qt version: 		5.9.1
\o Log file is "/home/ykhuang/WorkingDir_XH018/libManager.log".
\o Opening libManager window.
\a nrSetCurrentWindow(cdsLibManager)
\a nrResizeWindow(cdsLibManager list(318 139 1388 824))
\o changeWorkingDir("/home/ykhuang/WorkingDir_XH018") unnecessary.
\o ddSetForcedLib("") unnecessary.
\o MPS service: map window
\o Library Manager customization server connected.
\a cdsLibManager->libListBox->value = "Stimulator_IMP"
\a cdsLibManager->libLineEdit->value = "Stimulator_IMP"
\a cdsLibManager->cellListBox->value = "Digital_Stimulus_ST"
\a cdsLibManager->cellLineEdit->value = "Digital_Stimulus_ST"
\a cdsLibManager->cellListBox->value = "INV3_ST"
\a cdsLibManager->cellLineEdit->value = "INV3_ST"
\a cdsLibManager->cellListBox->value = "Idac_5bit_ST_V2"
\a cdsLibManager->cellLineEdit->value = "Idac_5bit_ST_V2"
\a cdsLibManager->viewListBox->value = "schematic"
\a cdsLibManager->viewLineEdit->value = "schematic"
\a cdsLibManager->cellListBox->value = "LS_LowSide_V2_ST"
\a cdsLibManager->cellLineEdit->value = "LS_LowSide_V2_ST"
\a cdsLibManager->viewLineEdit->value = ""
\a cdsLibManager->viewListBox->value = nil
\a cdsLibManager->viewListBox->value = "schematic"
\a cdsLibManager->viewLineEdit->value = "schematic"
\a cdsLibManager->cellListBox->value = "M3_MTP_CornerCell"
\a cdsLibManager->cellLineEdit->value = "M3_MTP_CornerCell"
\a cdsLibManager->viewLineEdit->value = ""
\a cdsLibManager->viewListBox->value = nil
\a cdsLibManager->viewListBox->value = "layout"
\a cdsLibManager->viewLineEdit->value = "layout"
\a cdsLibManager->cellListBox->value = "M4_MTPCell_v2"
\a cdsLibManager->cellLineEdit->value = "M4_MTPCell_v2"
\a cdsLibManager->viewLineEdit->value = ""
\a cdsLibManager->viewListBox->value = nil
\a cdsLibManager->viewListBox->value = "layout"
\a cdsLibManager->viewLineEdit->value = "layout"
\a cdsLibManager->cellListBox->value = "ResistiveDivider"
\a cdsLibManager->cellLineEdit->value = "ResistiveDivider"
\a cdsLibManager->viewLineEdit->value = ""
\a cdsLibManager->viewListBox->value = nil
\a cdsLibManager->viewListBox->value = "layout"
\a cdsLibManager->viewLineEdit->value = "layout"
\a cdsLibManager->libListBox->value = "MultiChannel_EMG_IMP"
\a cdsLibManager->libLineEdit->value = "MultiChannel_EMG_IMP"
\a cdsLibManager->cellLineEdit->value = ""
\a cdsLibManager->cellListBox->value = nil
\a cdsLibManager->viewLineEdit->value = ""
\a cdsLibManager->viewListBox->value = nil
\a cdsLibManager->libListBox->value = "MultiChannel_EMG_Model"
\a cdsLibManager->libLineEdit->value = "MultiChannel_EMG_Model"
\a cdsLibManager->libListBox->value = "MultiChannel_EMG_IMP"
\a cdsLibManager->libLineEdit->value = "MultiChannel_EMG_IMP"
\a cdsLibManager->libListBox->value = "MultiChannel_EMG_TestBench"
\a cdsLibManager->libLineEdit->value = "MultiChannel_EMG_TestBench"
\a cdsLibManager->libListBox->value = "MultiChannel_EMG_Model"
\a cdsLibManager->libLineEdit->value = "MultiChannel_EMG_Model"
\a cdsLibManager->cellListBox->value = "TCA_DSL"
\a cdsLibManager->cellLineEdit->value = "TCA_DSL"
\a cdsLibManager->viewListBox->value = "schematic"
\a cdsLibManager->viewLineEdit->value = "schematic"
\a cdsLibManager->viewLineEdit->value = ""
\a cdsLibManager->viewListBox->value = nil
\o MPS request: edit design
\a nrListItemAction(cdsLibManager->cellListBox 15 0)
\a cdsLibManager->libListBox->value = nil
\a cdsLibManager->libLineEdit->value = ""
\a cdsLibManager->cellLineEdit->value = ""
\a cdsLibManager->cellListBox->value = nil
\a cdsLibManager->libListBox->value = "MultiChannel_EMG_Model"
\a cdsLibManager->libLineEdit->value = "MultiChannel_EMG_Model"
\a cdsLibManager->cellListBox->value = "TCA_DSL"
\a cdsLibManager->cellLineEdit->value = "TCA_DSL"
\a cdsLibManager->viewListBox->value = "schematic"
\a cdsLibManager->viewLineEdit->value = "schematic"
\a cdsLibManager->viewLineEdit->value = ""
\a cdsLibManager->viewListBox->value = nil
\a cdsLibManager->viewListBox->value = "schematic"
\a cdsLibManager->viewLineEdit->value = "schematic"
\a nrSetCurrentWindow(cdsLibManager)
\a cdsLibManager->libListBox->value = nil
\a cdsLibManager->libLineEdit->value = ""
\a cdsLibManager->cellLineEdit->value = ""
\a cdsLibManager->viewLineEdit->value = ""
\a cdsLibManager->cellListBox->value = nil
\a cdsLibManager->viewListBox->value = nil
\a cdsLibManager->libListBox->value = "MultiChannel_EMG_Model"
\a cdsLibManager->libLineEdit->value = "MultiChannel_EMG_Model"
\a cdsLibManager->cellListBox->value = "TCA_DSL"
\a cdsLibManager->cellLineEdit->value = "TCA_DSL"
\a cdsLibManager->viewListBox->value = "schematic"
\a cdsLibManager->viewLineEdit->value = "schematic"
\a cdsLibManager->viewLineEdit->value = ""
\a cdsLibManager->viewListBox->value = nil
\a cdsLibManager->viewListBox->value = "schematic"
\a cdsLibManager->viewLineEdit->value = "schematic"
\a nrSetWindowVisibility(cdsLibManager "hide")
\a nrSetWindowVisibility(cdsLibManager "show")
\a nrSetCurrentWindow(cdsLibManager)
\a nrSetCurrentWindow(cdsLibManager)
\a nrSetCurrentWindow(cdsLibManager)
\a cdsLibManager->FileNewCVButton->value = t
\a nrSetCurrentWindow(cdsLibManager)
\a nrSetCurrentWindow(cdsLibManager)
\a cdsLibManager->libListBox->value = "Stimulator_Model"
\a cdsLibManager->libLineEdit->value = "Stimulator_Model"
\a cdsLibManager->cellLineEdit->value = ""
\a cdsLibManager->cellListBox->value = nil
\a cdsLibManager->viewLineEdit->value = ""
\a cdsLibManager->viewListBox->value = nil
\a cdsLibManager->libListBox->value = "MultiChannel_EMG_Model"
\a cdsLibManager->libLineEdit->value = "MultiChannel_EMG_Model"
\a cdsLibManager->cellListBox->value = "LPF_Butter"
\a cdsLibManager->cellLineEdit->value = "LPF_Butter"
\a cdsLibManager->viewListBox->value = "verilogams"
\a cdsLibManager->viewLineEdit->value = "verilogams"
\a cdsLibManager->viewListBox->value = "symbol"
\a cdsLibManager->viewLineEdit->value = "symbol"
\a cdsLibManager->cellListBox->value = "LPF_FrontEnd"
\a cdsLibManager->cellLineEdit->value = "LPF_FrontEnd"
\a cdsLibManager->viewLineEdit->value = ""
\a cdsLibManager->viewListBox->value = nil
\a cdsLibManager->viewListBox->value = "symbol"
\a cdsLibManager->viewLineEdit->value = "symbol"
\a cdsLibManager->viewListBox->value = nil
\a cdsLibManager->viewLineEdit->value = ""
\a cdsLibManager->viewListBox->value = "symbol"
\a cdsLibManager->viewLineEdit->value = "symbol"
\o MPS request: edit design
\a nrListItemAction(cdsLibManager->gdmXTView 0 1)
\a nrSetCurrentWindow(cdsLibManager)
\a nrSetWindowVisibility(cdsLibManager "hide")
\a _lmgrCloseIconify("cdsLibManager" 1)
\a nrSetWindowVisibility(cdsLibManager "show")
\a nrSetCurrentWindow(cdsLibManager)
\a nrSetWindowVisibility(cdsLibManager "hide")
\a nrSetWindowVisibility(cdsLibManager "show")
\a nrSetCurrentWindow(cdsLibManager)
\a nrSetCurrentWindow(cdsLibManager)
\a cdsLibManager->libListBox->value = "MultiChannel_EMG_TestBench"
\a cdsLibManager->libLineEdit->value = "MultiChannel_EMG_TestBench"
\a cdsLibManager->cellLineEdit->value = ""
\a cdsLibManager->cellListBox->value = nil
\a cdsLibManager->viewLineEdit->value = ""
\a cdsLibManager->viewListBox->value = nil
\a cdsLibManager->libListBox->value = "MultiChannel_EMG_Model"
\a cdsLibManager->libLineEdit->value = "MultiChannel_EMG_Model"
\a cdsLibManager->libLineEdit->value = ""
\a cdsLibManager->libListBox->value = nil
\a cdsLibManager->libListBox->value = "MultiChannel_EMG_Model"
\a cdsLibManager->libLineEdit->value = "MultiChannel_EMG_Model"
\a cdsLibManager->cellListBox->value = "TCA_DSL"
\a cdsLibManager->cellLineEdit->value = "TCA_DSL"
\a cdsLibManager->viewListBox->value = "schematic"
\a cdsLibManager->viewLineEdit->value = "schematic"
\a cdsLibManager->FileNewCVButton->value = t
\a nrSetCurrentWindow(cdsLibManager)
\a nrSetCurrentWindow(cdsLibManager)
\a nrSetCurrentWindow(cdsLibManager)
\a nrSetCurrentWindow(cdsLibManager)
\a nrSetCurrentWindow(cdsLibManager)
\a nrSetCurrentWindow(cdsLibManager)
\a nrSetCurrentWindow(cdsLibManager)
\a cdsLibManager->viewListBox->value = "config"
\a cdsLibManager->viewLineEdit->value = "config"
\o MPS request: edit design
\a nrListItemAction(cdsLibManager->gdmXTView 0 0)
\a nrSetCurrentWindow(cdsLibManager)
\a nrSetCurrentWindow(cdsLibManager)
\a nrSetWindowVisibility(cdsLibManager "hide")
\a nrSetWindowVisibility(cdsLibManager "show")
\a nrSetCurrentWindow(cdsLibManager)
\a nrSetWindowVisibility(cdsLibManager "hide")
\a nrSetWindowVisibility(cdsLibManager "show")
\a nrSetCurrentWindow(cdsLibManager)
\a cdsLibManager->libListBox->value = "MultiChannel_EMG_TestBench"
\a cdsLibManager->libLineEdit->value = "MultiChannel_EMG_TestBench"
\a cdsLibManager->cellLineEdit->value = ""
\a cdsLibManager->cellListBox->value = nil
\a cdsLibManager->viewLineEdit->value = ""
\a cdsLibManager->viewListBox->value = nil
\a nrSetWindowVisibility(cdsLibManager "hide")
\a nrSetWindowVisibility(cdsLibManager "show")
\a nrSetCurrentWindow(cdsLibManager)
\a cdsLibManager->FileNewCVButton->value = t
\a nrSetCurrentWindow(cdsLibManager)
\a cdsLibManager->libListBox->value = nil
\a cdsLibManager->libLineEdit->value = ""
\a cdsLibManager->libListBox->value = "MultiChannel_EMG_TestBench"
\a cdsLibManager->libLineEdit->value = "MultiChannel_EMG_TestBench"
\a nrSetWindowVisibility(cdsLibManager "hide")
\a nrSetWindowVisibility(cdsLibManager "show")
\a nrResizeWindow(cdsLibManager list(318 125 1388 824))
\a nrResizeWindow(cdsLibManager list(318 138 1388 824))
\a cdsLibManager->libListBox->value = nil
\a cdsLibManager->libLineEdit->value = ""
\a cdsLibManager->libListBox->value = "MultiChannel_EMG_TestBench"
\a cdsLibManager->libLineEdit->value = "MultiChannel_EMG_TestBench"
\a nrSetCurrentWindow(cdsLibManager)
\a cdsLibManager->libListBox->value = "MultiChannel_EMG_IMP"
\a cdsLibManager->libLineEdit->value = "MultiChannel_EMG_IMP"
\a cdsLibManager->FileNewLibButton->value = t
\a nrSetWindowVisibility(NewLibShell "show")
\a nrSetCurrentWindow(NewLibShell)
\a nrSetCurrentWindow(NewLibShell->subDialog)
\a nrResizeWindow(NewLibShell list(749 231 507 559))
\a nrSetCurrentWindow(cdsLibManager)
\a nrResizeWindow(NewLibShell list(749 201 507 559))
\a cdsLibManager->FileNewCVButton->value = t
\a nrSetCurrentWindow(cdsLibManager)
\a cdsLibManager->libListBox->value = nil
\a cdsLibManager->libLineEdit->value = ""
\a cdsLibManager->libListBox->value = "MultiChannel_EMG_IMP"
\a cdsLibManager->libLineEdit->value = "MultiChannel_EMG_IMP"
\a nrSetCurrentWindow(cdsLibManager)
\a cdsLibManager->cellListBox->value = "TCA_DSL_v2"
\a cdsLibManager->cellLineEdit->value = "TCA_DSL_v2"
\a lmgrLogShowPopup("mainListPopup1" 33 59 2 "TCA_DSL_v2")
\a cdsLibManager->copySimpleButton->value = t
\a copyCellForm->SkipLibrariesEdit->value = "*"
\a copyCellForm->SkipLibrariesEdit->value = "*"
\a copyCellForm->CopyFromLibrary->value = "CHARACTERIZATION"
\a copyCellForm->CopyToLibrary->value = "CHARACTERIZATION"
\a copyCellForm->CopyFromLibrary->value = "MultiChannel_EMG_IMP"
\a copyCellForm->CopyFromCell->value = "TCA_DSL_v2"
\a copyCellForm->CopyToLibrary->value = "MultiChannel_EMG_IMP"
\a copyCellForm->CopyToCell->value = "TCA_DSL_v2"
\a copyCellForm->ViewsToCopy->value = "adexl schematic"
\a copyCellForm->SkipLibrariesEdit->value = ""
\a copyCellForm->SkipLibrariesEdit->value = "CHARACTERIZATION CadenceLibs D_CELLS_3V D_CELLS_HD D_CELLS_HDLL D_CELLS_HDMT D_CELLS_HDMV D_CELLS_JI3V D_CELLS_JIHD D_CELLS_JIHDLL D_CELLS_JIHDMT D_CELLS_JIHDMV D_CELLS_JIM3V D_CELLS_M3V Device_Characteristics DigitalLibs EsdLibs GATES_3V GATES_HD GATES_JI3V GATES_JIHD GATES_JIMT GATES_MT HV_CELLS IO_CELLS_3V IO_CELLS_C1V8 IO_CELLS_C3V IO_CELLS_F3V IO_CELLS_FC1V8 IO_CELLS_FC3V IO_CELLS_JI3V IO_CELLS_JIF3V MultiChannel_EMG_Model MultiChannel_EMG_TestBench PRIMLIB Stimulator_IMP Stimulator_Model Stimulator_TestBench TECH_XH018 TECH_XH018_HD US_8ths VLG_PRIMITIVES XFABLibs ahdlLib ambit analogLib avTech basic cdsDefTechLib connectLib\\nfunctional ieee sample sbaLib std synopsys xfab_connectLib"
\a nrSetWindowVisibility(copyCellForm "show")
\a nrSetCurrentWindow(copyCellForm)
\a nrResizeWindow(copyCellForm list(737 181 530 659))
\a copyCellForm->CopyToCell->value = "TCA_DSL_v3"
\a copyCellForm->OK->value = t
\o Beginning simple copy to library "MultiChannel_EMG_IMP".
\o Processing files to be copied...
\a nrSetWindowVisibility(workingDialogForm "show")
\a nrSetCurrentWindow(workingDialogForm)
\a nrResizeWindow(workingDialogForm list(866 444 273 133))
\a nrSetCurrentWindow(cdsLibManager)
\a nrSetCurrentWindow(workingDialogForm)
\a nrResizeWindow(copyCellForm list(737 151 530 659))
\a nrResizeWindow(workingDialogForm list(866 474 273 133))
\a workingDialogForm->Close->value = t
\a nrSetCurrentWindow(cdsLibManager)
\a nrResizeWindow(workingDialogForm list(866 444 273 133))
\o Copy succeeded.
\a cdsLibManager->libListBox->value = nil
\a cdsLibManager->libLineEdit->value = ""
\a cdsLibManager->cellLineEdit->value = ""
\a cdsLibManager->cellListBox->value = nil
\a cdsLibManager->libListBox->value = "MultiChannel_EMG_IMP"
\a cdsLibManager->libLineEdit->value = "MultiChannel_EMG_IMP"
\a cdsLibManager->cellListBox->value = "TCA_DSL_v2"
\a cdsLibManager->cellLineEdit->value = "TCA_DSL_v2"
\a copyCellForm->SkipLibrariesEdit->value = "*"
\a cdsLibManager->cellListBox->value = "TCA_DSL_v3"
\a cdsLibManager->cellLineEdit->value = "TCA_DSL_v3"
\a cdsLibManager->viewListBox->value = "schematic"
\a cdsLibManager->viewLineEdit->value = "schematic"
\o MPS request: edit design
\a nrListItemAction(cdsLibManager->gdmXTView 1 0)
\a nrSetCurrentWindow(cdsLibManager)
\a cdsLibManager->viewListBox->value = "adexl"
\a cdsLibManager->viewLineEdit->value = "adexl"
\a cdsLibManager->viewLineEdit->value = "schematic"
\a cdsLibManager->viewListBox->value = nil
\a cdsLibManager->viewLineEdit->value = ""
\a cdsLibManager->libListBox->value = nil
\a cdsLibManager->libLineEdit->value = ""
\a cdsLibManager->cellListBox->value = nil
\a cdsLibManager->cellLineEdit->value = ""
\a cdsLibManager->libListBox->value = "MultiChannel_EMG_IMP"
\a cdsLibManager->libLineEdit->value = "MultiChannel_EMG_IMP"
\a cdsLibManager->cellListBox->value = "TCA_DSL_v3"
\a cdsLibManager->cellLineEdit->value = "TCA_DSL_v3"
\a cdsLibManager->viewListBox->value = "adexl"
\a cdsLibManager->viewLineEdit->value = "adexl"
\a cdsLibManager->viewLineEdit->value = ""
\a cdsLibManager->viewListBox->value = nil
\a cdsLibManager->viewListBox->value = "adexl"
\a cdsLibManager->viewLineEdit->value = "adexl"
\a cdsLibManager->viewLineEdit->value = ""
\a cdsLibManager->viewListBox->value = nil
\a nrSetCurrentWindow(cdsLibManager)
\a cdsLibManager->libListBox->value = "CHARACTERIZATION"
\a cdsLibManager->libLineEdit->value = "CHARACTERIZATION"
\a cdsLibManager->cellLineEdit->value = ""
\a cdsLibManager->cellListBox->value = nil
\a cdsLibManager->cellListBox->value = "FAST_BIAS"
\a cdsLibManager->cellLineEdit->value = "FAST_BIAS"
\a cdsLibManager->viewListBox->value = "schematic"
\a cdsLibManager->viewLineEdit->value = "schematic"
\a cdsLibManager->viewListBox->value = nil
\a cdsLibManager->viewLineEdit->value = ""
\a cdsLibManager->viewListBox->value = "schematic"
\a cdsLibManager->viewLineEdit->value = "schematic"
\o MPS request: edit design
\a nrListItemAction(cdsLibManager->gdmXTView 0 0)
\a nrSetCurrentWindow(cdsLibManager)
\a cdsLibManager->libListBox->value = "XFABLibs"
\a cdsLibManager->libLineEdit->value = "XFABLibs"
\a cdsLibManager->cellLineEdit->value = ""
\a cdsLibManager->cellListBox->value = nil
\a cdsLibManager->viewLineEdit->value = ""
\a cdsLibManager->viewListBox->value = nil
\a cdsLibManager->libListBox->value = "CHARACTERIZATION"
\a cdsLibManager->libLineEdit->value = "CHARACTERIZATION"
\a cdsLibManager->libListBox->value = "Device_Characteristics"
\a cdsLibManager->libLineEdit->value = "Device_Characteristics"
\a cdsLibManager->cellListBox->value = "Noise_ne"
\a cdsLibManager->cellLineEdit->value = "Noise_ne"
\a cdsLibManager->viewListBox->value = "schematic"
\a cdsLibManager->viewLineEdit->value = "schematic"
\a cdsLibManager->cellListBox->value = "FastBias_ne"
\a cdsLibManager->cellLineEdit->value = "FastBias_ne"
\a cdsLibManager->viewLineEdit->value = ""
\a cdsLibManager->viewListBox->value = nil
\a cdsLibManager->viewListBox->value = "schematic"
\a cdsLibManager->viewLineEdit->value = "schematic"
\a cdsLibManager->cellListBox->value = "DC_Bias_ne"
\a cdsLibManager->cellLineEdit->value = "DC_Bias_ne"
\a cdsLibManager->viewLineEdit->value = ""
\a cdsLibManager->viewListBox->value = nil
\a cdsLibManager->viewListBox->value = "schematic"
\a cdsLibManager->viewLineEdit->value = "schematic"
\a cdsLibManager->viewLineEdit->value = ""
\a cdsLibManager->viewListBox->value = nil
\a lmgrLogShowPopup("mainListPopup1" 100 48 2 "DC_Bias_ne")
\a cdsLibManager->copySimpleButton->value = t
\a copyCellForm->SkipLibrariesEdit->value = "*"
\a copyCellForm->ViewsToCopy->value = ""
\a copyCellForm->CopyFromCell->value = ""
\a copyCellForm->CopyToCell->value = ""
\a copyCellForm->CopyFromLibrary->value = ""
\a copyCellForm->CopyToLibrary->value = ""
\a copyCellForm->CopyFromLibrary->value = "CHARACTERIZATION"
\a copyCellForm->CopyToLibrary->value = "CHARACTERIZATION"
\a copyCellForm->CopyFromLibrary->value = "Device_Characteristics"
\a copyCellForm->CopyFromCell->value = "DC_Bias_ne"
\a copyCellForm->CopyToLibrary->value = "Device_Characteristics"
\a copyCellForm->CopyToCell->value = "DC_Bias_ne"
\a copyCellForm->ViewsToCopy->value = "adexl schematic"
\a copyCellForm->SkipLibrariesEdit->value = ""
\a copyCellForm->SkipLibrariesEdit->value = "CHARACTERIZATION CadenceLibs D_CELLS_3V D_CELLS_HD D_CELLS_HDLL D_CELLS_HDMT D_CELLS_HDMV D_CELLS_JI3V D_CELLS_JIHD D_CELLS_JIHDLL D_CELLS_JIHDMT D_CELLS_JIHDMV D_CELLS_JIM3V D_CELLS_M3V DigitalLibs EsdLibs GATES_3V GATES_HD GATES_JI3V GATES_JIHD GATES_JIMT GATES_MT HV_CELLS IO_CELLS_3V IO_CELLS_C1V8 IO_CELLS_C3V IO_CELLS_F3V IO_CELLS_FC1V8 IO_CELLS_FC3V IO_CELLS_JI3V IO_CELLS_JIF3V MultiChannel_EMG_IMP MultiChannel_EMG_Model MultiChannel_EMG_TestBench PRIMLIB Stimulator_IMP Stimulator_Model Stimulator_TestBench TECH_XH018 TECH_XH018_HD US_8ths VLG_PRIMITIVES XFABLibs ahdlLib ambit analogLib avTech basic cdsDefTechLib connectLib\\nfunctional ieee sample sbaLib std synopsys xfab_connectLib"
\a nrSetCurrentWindow(copyCellForm)
\a nrResizeWindow(copyCellForm list(737 181 530 659))
\a copyCellForm->CopyToCell->value = "DC_Bias_nel"
\a nrDialogAccept(copyCellForm)
\a copyCellForm->OK->value = t
\o Beginning simple copy to library "Device_Characteristics".
\o Processing files to be copied...
\a nrSetCurrentWindow(workingDialogForm)
\a nrResizeWindow(workingDialogForm list(874 474 273 133))
\a nrSetCurrentWindow(cdsLibManager)
\a nrSetCurrentWindow(workingDialogForm)
\a nrResizeWindow(workingDialogForm list(866 474 273 133))
\a nrResizeWindow(copyCellForm list(737 151 530 659))
\o Copy succeeded.
\a cdsLibManager->libListBox->value = nil
\a cdsLibManager->libLineEdit->value = ""
\a cdsLibManager->cellListBox->value = nil
\a cdsLibManager->cellLineEdit->value = ""
\a cdsLibManager->libListBox->value = "Device_Characteristics"
\a cdsLibManager->libLineEdit->value = "Device_Characteristics"
\a cdsLibManager->cellListBox->value = "DC_Bias_ne"
\a cdsLibManager->cellLineEdit->value = "DC_Bias_ne"
\a cdsLibManager->viewListBox->value = "schematic"
\a cdsLibManager->viewLineEdit->value = "schematic"
\a cdsLibManager->viewLineEdit->value = ""
\a cdsLibManager->viewListBox->value = nil
\a cdsLibManager->viewListBox->value = "schematic"
\a cdsLibManager->viewLineEdit->value = "schematic"
\a cdsLibManager->viewLineEdit->value = ""
\a cdsLibManager->viewListBox->value = nil
\a copyCellForm->SkipLibrariesEdit->value = "*"
\a nrSetCurrentWindow(cdsLibManager)
\a nrResizeWindow(workingDialogForm list(866 444 273 133))
\a cdsLibManager->cellListBox->value = "DC_Bias_nel"
\a cdsLibManager->cellLineEdit->value = "DC_Bias_nel"
\a cdsLibManager->viewListBox->value = "schematic"
\a cdsLibManager->viewLineEdit->value = "schematic"
\a cdsLibManager->viewLineEdit->value = ""
\a cdsLibManager->viewListBox->value = nil
\o MPS request: edit design
\a nrListItemAction(cdsLibManager->cellListBox 3 0)
\a cdsLibManager->libListBox->value = nil
\a cdsLibManager->libLineEdit->value = ""
\a cdsLibManager->cellLineEdit->value = ""
\a cdsLibManager->cellListBox->value = nil
\a cdsLibManager->libListBox->value = "Device_Characteristics"
\a cdsLibManager->libLineEdit->value = "Device_Characteristics"
\a cdsLibManager->cellListBox->value = "DC_Bias_nel"
\a cdsLibManager->cellLineEdit->value = "DC_Bias_nel"
\a cdsLibManager->viewListBox->value = "schematic"
\a cdsLibManager->viewLineEdit->value = "schematic"
\a cdsLibManager->viewLineEdit->value = ""
\a cdsLibManager->viewListBox->value = nil
\a cdsLibManager->viewListBox->value = "schematic"
\a cdsLibManager->viewLineEdit->value = "schematic"
\a nrSetCurrentWindow(cdsLibManager)
\a nrSetCurrentWindow(cdsLibManager)
\a cdsLibManager->cellListBox->value = "Bias_pe"
\a cdsLibManager->cellLineEdit->value = "Bias_pe"
\a cdsLibManager->viewLineEdit->value = ""
\a cdsLibManager->viewListBox->value = nil
\a cdsLibManager->viewListBox->value = "schematic"
\a cdsLibManager->viewLineEdit->value = "schematic"
\a cdsLibManager->cellListBox->value = "Bias_ne"
\a cdsLibManager->cellLineEdit->value = "Bias_ne"
\a cdsLibManager->viewLineEdit->value = ""
\a cdsLibManager->viewListBox->value = nil
\a cdsLibManager->viewListBox->value = "schematic"
\a cdsLibManager->viewLineEdit->value = "schematic"
\a cdsLibManager->viewLineEdit->value = ""
\a cdsLibManager->viewListBox->value = nil
\a lmgrLogShowPopup("mainListPopup1" 76 5 2 "Bias_ne")
\a cdsLibManager->copySimpleButton->value = t
\a copyCellForm->SkipLibrariesEdit->value = "*"
\a copyCellForm->ViewsToCopy->value = ""
\a copyCellForm->CopyFromCell->value = ""
\a copyCellForm->CopyToCell->value = ""
\a copyCellForm->CopyFromLibrary->value = ""
\a copyCellForm->CopyToLibrary->value = ""
\a copyCellForm->CopyFromLibrary->value = "CHARACTERIZATION"
\a copyCellForm->CopyToLibrary->value = "CHARACTERIZATION"
\a copyCellForm->CopyFromLibrary->value = "Device_Characteristics"
\a copyCellForm->CopyFromCell->value = "Bias_ne"
\a copyCellForm->CopyToLibrary->value = "Device_Characteristics"
\a copyCellForm->CopyToCell->value = "Bias_ne"
\a copyCellForm->ViewsToCopy->value = "schematic symbol"
\a copyCellForm->SkipLibrariesEdit->value = ""
\a copyCellForm->SkipLibrariesEdit->value = "CHARACTERIZATION CadenceLibs D_CELLS_3V D_CELLS_HD D_CELLS_HDLL D_CELLS_HDMT D_CELLS_HDMV D_CELLS_JI3V D_CELLS_JIHD D_CELLS_JIHDLL D_CELLS_JIHDMT D_CELLS_JIHDMV D_CELLS_JIM3V D_CELLS_M3V DigitalLibs EsdLibs GATES_3V GATES_HD GATES_JI3V GATES_JIHD GATES_JIMT GATES_MT HV_CELLS IO_CELLS_3V IO_CELLS_C1V8 IO_CELLS_C3V IO_CELLS_F3V IO_CELLS_FC1V8 IO_CELLS_FC3V IO_CELLS_JI3V IO_CELLS_JIF3V MultiChannel_EMG_IMP MultiChannel_EMG_Model MultiChannel_EMG_TestBench PRIMLIB Stimulator_IMP Stimulator_Model Stimulator_TestBench TECH_XH018 TECH_XH018_HD US_8ths VLG_PRIMITIVES XFABLibs ahdlLib ambit analogLib avTech basic cdsDefTechLib connectLib\\nfunctional ieee sample sbaLib std synopsys xfab_connectLib"
\a nrSetCurrentWindow(copyCellForm)
\a nrResizeWindow(copyCellForm list(737 181 530 659))
\a copyCellForm->CopyToCell->value = "Bias_nel"
\a nrDialogAccept(copyCellForm)
\a copyCellForm->OK->value = t
\o Beginning simple copy to library "Device_Characteristics".
\o Processing files to be copied...
\a nrSetCurrentWindow(workingDialogForm)
\a nrSetCurrentWindow(cdsLibManager)
\a nrSetCurrentWindow(workingDialogForm)
\a nrResizeWindow(workingDialogForm list(866 474 273 133))
\a nrResizeWindow(copyCellForm list(737 151 530 659))
\o Copy succeeded.
\a cdsLibManager->libListBox->value = nil
\a cdsLibManager->libLineEdit->value = ""
\a cdsLibManager->cellListBox->value = nil
\a cdsLibManager->cellLineEdit->value = ""
\a cdsLibManager->libListBox->value = "Device_Characteristics"
\a cdsLibManager->libLineEdit->value = "Device_Characteristics"
\a cdsLibManager->cellListBox->value = "Bias_ne"
\a cdsLibManager->cellLineEdit->value = "Bias_ne"
\a cdsLibManager->viewListBox->value = "schematic"
\a cdsLibManager->viewLineEdit->value = "schematic"
\a cdsLibManager->viewLineEdit->value = ""
\a cdsLibManager->viewListBox->value = nil
\a cdsLibManager->viewListBox->value = "schematic"
\a cdsLibManager->viewLineEdit->value = "schematic"
\a cdsLibManager->viewLineEdit->value = ""
\a cdsLibManager->viewListBox->value = nil
\a copyCellForm->SkipLibrariesEdit->value = "*"
\a nrSetCurrentWindow(cdsLibManager)
\a nrResizeWindow(workingDialogForm list(866 444 273 133))
\a cdsLibManager->cellListBox->value = "Bias_pe"
\a cdsLibManager->cellLineEdit->value = "Bias_pe"
\a cdsLibManager->viewListBox->value = "schematic"
\a cdsLibManager->viewLineEdit->value = "schematic"
\a cdsLibManager->viewLineEdit->value = ""
\a cdsLibManager->viewListBox->value = nil
\a lmgrLogShowPopup("mainListPopup1" 72 37 2 "Bias_pe")
\a cdsLibManager->copySimpleButton->value = t
\a copyCellForm->SkipLibrariesEdit->value = "*"
\a copyCellForm->ViewsToCopy->value = ""
\a copyCellForm->CopyFromCell->value = ""
\a copyCellForm->CopyToCell->value = ""
\a copyCellForm->CopyFromLibrary->value = ""
\a copyCellForm->CopyToLibrary->value = ""
\a copyCellForm->CopyFromLibrary->value = "CHARACTERIZATION"
\a copyCellForm->CopyToLibrary->value = "CHARACTERIZATION"
\a copyCellForm->CopyFromLibrary->value = "Device_Characteristics"
\a copyCellForm->CopyFromCell->value = "Bias_pe"
\a copyCellForm->CopyToLibrary->value = "Device_Characteristics"
\a copyCellForm->CopyToCell->value = "Bias_pe"
\a copyCellForm->ViewsToCopy->value = "schematic symbol"
\a copyCellForm->SkipLibrariesEdit->value = ""
\a copyCellForm->SkipLibrariesEdit->value = "CHARACTERIZATION CadenceLibs D_CELLS_3V D_CELLS_HD D_CELLS_HDLL D_CELLS_HDMT D_CELLS_HDMV D_CELLS_JI3V D_CELLS_JIHD D_CELLS_JIHDLL D_CELLS_JIHDMT D_CELLS_JIHDMV D_CELLS_JIM3V D_CELLS_M3V DigitalLibs EsdLibs GATES_3V GATES_HD GATES_JI3V GATES_JIHD GATES_JIMT GATES_MT HV_CELLS IO_CELLS_3V IO_CELLS_C1V8 IO_CELLS_C3V IO_CELLS_F3V IO_CELLS_FC1V8 IO_CELLS_FC3V IO_CELLS_JI3V IO_CELLS_JIF3V MultiChannel_EMG_IMP MultiChannel_EMG_Model MultiChannel_EMG_TestBench PRIMLIB Stimulator_IMP Stimulator_Model Stimulator_TestBench TECH_XH018 TECH_XH018_HD US_8ths VLG_PRIMITIVES XFABLibs ahdlLib ambit analogLib avTech basic cdsDefTechLib connectLib\\nfunctional ieee sample sbaLib std synopsys xfab_connectLib"
\a nrSetCurrentWindow(copyCellForm)
\a nrResizeWindow(copyCellForm list(737 181 530 659))
\a copyCellForm->CopyToCell->value = "Bias_pel"
\a nrDialogAccept(copyCellForm)
\a copyCellForm->OK->value = t
\o Beginning simple copy to library "Device_Characteristics".
\o Processing files to be copied...
\a nrSetCurrentWindow(workingDialogForm)
\a nrSetCurrentWindow(cdsLibManager)
\a nrSetCurrentWindow(workingDialogForm)
\a nrResizeWindow(workingDialogForm list(866 474 273 133))
\a nrResizeWindow(copyCellForm list(737 151 530 659))
\o Copy succeeded.
\a cdsLibManager->libListBox->value = nil
\a cdsLibManager->libLineEdit->value = ""
\a cdsLibManager->cellListBox->value = nil
\a cdsLibManager->cellLineEdit->value = ""
\a cdsLibManager->libListBox->value = "Device_Characteristics"
\a cdsLibManager->libLineEdit->value = "Device_Characteristics"
\a cdsLibManager->cellListBox->value = "Bias_pe"
\a cdsLibManager->cellLineEdit->value = "Bias_pe"
\a cdsLibManager->viewListBox->value = "schematic"
\a cdsLibManager->viewLineEdit->value = "schematic"
\a cdsLibManager->viewLineEdit->value = ""
\a cdsLibManager->viewListBox->value = nil
\a cdsLibManager->viewListBox->value = "schematic"
\a cdsLibManager->viewLineEdit->value = "schematic"
\a cdsLibManager->viewLineEdit->value = ""
\a cdsLibManager->viewListBox->value = nil
\a copyCellForm->SkipLibrariesEdit->value = "*"
\a nrSetCurrentWindow(cdsLibManager)
\a nrResizeWindow(workingDialogForm list(866 444 273 133))
\a cdsLibManager->cellListBox->value = "Bias_nel"
\a cdsLibManager->cellLineEdit->value = "Bias_nel"
\a cdsLibManager->viewListBox->value = "schematic"
\a cdsLibManager->viewLineEdit->value = "schematic"
\a cdsLibManager->viewListBox->value = nil
\a cdsLibManager->viewLineEdit->value = ""
\a cdsLibManager->viewListBox->value = "schematic"
\a cdsLibManager->viewLineEdit->value = "schematic"
\o MPS request: edit design
\a nrListItemAction(cdsLibManager->gdmXTView 0 1)
\a nrSetCurrentWindow(cdsLibManager)
\a cdsLibManager->cellListBox->value = "Bias_pel"
\a cdsLibManager->cellLineEdit->value = "Bias_pel"
\a cdsLibManager->viewLineEdit->value = ""
\a cdsLibManager->viewListBox->value = nil
\a cdsLibManager->viewListBox->value = "schematic"
\a cdsLibManager->viewLineEdit->value = "schematic"
\a cdsLibManager->viewListBox->value = "symbol"
\a cdsLibManager->viewLineEdit->value = "symbol"
\a cdsLibManager->viewListBox->value = nil
\a cdsLibManager->viewLineEdit->value = ""
\a cdsLibManager->viewListBox->value = "symbol"
\a cdsLibManager->viewLineEdit->value = "symbol"
\a cdsLibManager->viewListBox->value = "schematic"
\a cdsLibManager->viewLineEdit->value = "schematic"
\a cdsLibManager->cellListBox->value = "Bias_pe"
\a cdsLibManager->cellLineEdit->value = "Bias_pe"
\a cdsLibManager->viewLineEdit->value = ""
\a cdsLibManager->viewListBox->value = nil
\a cdsLibManager->viewListBox->value = "schematic"
\a cdsLibManager->viewLineEdit->value = "schematic"
\a cdsLibManager->cellListBox->value = "Bias_pel"
\a cdsLibManager->cellLineEdit->value = "Bias_pel"
\a cdsLibManager->viewLineEdit->value = ""
\a cdsLibManager->viewListBox->value = nil
\a cdsLibManager->viewListBox->value = "schematic"
\a cdsLibManager->viewLineEdit->value = "schematic"
\a cdsLibManager->viewListBox->value = nil
\a cdsLibManager->viewLineEdit->value = ""
\a cdsLibManager->viewListBox->value = "schematic"
\a cdsLibManager->viewLineEdit->value = "schematic"
\o MPS request: edit design
\a nrListItemAction(cdsLibManager->gdmXTView 0 0)
\a nrSetCurrentWindow(cdsLibManager)
\a cdsLibManager->cellListBox->value = "FastBias_ne"
\a cdsLibManager->cellLineEdit->value = "FastBias_ne"
\a cdsLibManager->viewLineEdit->value = ""
\a cdsLibManager->viewListBox->value = nil
\a cdsLibManager->viewListBox->value = "schematic"
\a cdsLibManager->viewLineEdit->value = "schematic"
\a cdsLibManager->viewLineEdit->value = ""
\a cdsLibManager->viewListBox->value = nil
\a lmgrLogShowPopup("mainListPopup1" 51 124 2 "FastBias_ne")
\a cdsLibManager->copySimpleButton->value = t
\a copyCellForm->SkipLibrariesEdit->value = "*"
\a copyCellForm->ViewsToCopy->value = ""
\a copyCellForm->CopyFromCell->value = ""
\a copyCellForm->CopyToCell->value = ""
\a copyCellForm->CopyFromLibrary->value = ""
\a copyCellForm->CopyToLibrary->value = ""
\a copyCellForm->CopyFromLibrary->value = "CHARACTERIZATION"
\a copyCellForm->CopyToLibrary->value = "CHARACTERIZATION"
\a copyCellForm->CopyFromLibrary->value = "Device_Characteristics"
\a copyCellForm->CopyFromCell->value = "FastBias_ne"
\a copyCellForm->CopyToLibrary->value = "Device_Characteristics"
\a copyCellForm->CopyToCell->value = "FastBias_ne"
\a copyCellForm->ViewsToCopy->value = "schematic"
\a copyCellForm->SkipLibrariesEdit->value = ""
\a copyCellForm->SkipLibrariesEdit->value = "CHARACTERIZATION CadenceLibs D_CELLS_3V D_CELLS_HD D_CELLS_HDLL D_CELLS_HDMT D_CELLS_HDMV D_CELLS_JI3V D_CELLS_JIHD D_CELLS_JIHDLL D_CELLS_JIHDMT D_CELLS_JIHDMV D_CELLS_JIM3V D_CELLS_M3V DigitalLibs EsdLibs GATES_3V GATES_HD GATES_JI3V GATES_JIHD GATES_JIMT GATES_MT HV_CELLS IO_CELLS_3V IO_CELLS_C1V8 IO_CELLS_C3V IO_CELLS_F3V IO_CELLS_FC1V8 IO_CELLS_FC3V IO_CELLS_JI3V IO_CELLS_JIF3V MultiChannel_EMG_IMP MultiChannel_EMG_Model MultiChannel_EMG_TestBench PRIMLIB Stimulator_IMP Stimulator_Model Stimulator_TestBench TECH_XH018 TECH_XH018_HD US_8ths VLG_PRIMITIVES XFABLibs ahdlLib ambit analogLib avTech basic cdsDefTechLib connectLib\\nfunctional ieee sample sbaLib std synopsys xfab_connectLib"
\a nrSetCurrentWindow(copyCellForm)
\a nrResizeWindow(copyCellForm list(737 181 530 659))
\a copyCellForm->CopyToCell->value = "FastBias_nel"
\a nrDialogAccept(copyCellForm)
\a copyCellForm->OK->value = t
\o Beginning simple copy to library "Device_Characteristics".
\o Processing files to be copied...
\a nrSetCurrentWindow(workingDialogForm)
\a nrSetCurrentWindow(cdsLibManager)
\a nrSetCurrentWindow(workingDialogForm)
\a nrResizeWindow(workingDialogForm list(866 474 273 133))
\a nrResizeWindow(copyCellForm list(737 151 530 659))
\o Copy succeeded.
\a cdsLibManager->libListBox->value = nil
\a cdsLibManager->libLineEdit->value = ""
\a cdsLibManager->cellListBox->value = nil
\a cdsLibManager->cellLineEdit->value = ""
\a cdsLibManager->libListBox->value = "Device_Characteristics"
\a cdsLibManager->libLineEdit->value = "Device_Characteristics"
\a cdsLibManager->cellListBox->value = "FastBias_ne"
\a cdsLibManager->cellLineEdit->value = "FastBias_ne"
\a cdsLibManager->viewListBox->value = "schematic"
\a cdsLibManager->viewLineEdit->value = "schematic"
\a cdsLibManager->viewLineEdit->value = ""
\a cdsLibManager->viewListBox->value = nil
\a cdsLibManager->viewListBox->value = "schematic"
\a cdsLibManager->viewLineEdit->value = "schematic"
\a cdsLibManager->viewLineEdit->value = ""
\a cdsLibManager->viewListBox->value = nil
\a copyCellForm->SkipLibrariesEdit->value = "*"
\a nrSetCurrentWindow(cdsLibManager)
\a nrResizeWindow(workingDialogForm list(866 444 273 133))
\a cdsLibManager->cellListBox->value = "FastBias_nel"
\a cdsLibManager->cellLineEdit->value = "FastBias_nel"
\a cdsLibManager->viewListBox->value = "schematic"
\a cdsLibManager->viewLineEdit->value = "schematic"
\a cdsLibManager->viewLineEdit->value = ""
\a cdsLibManager->viewListBox->value = nil
\o MPS request: edit design
\a nrListItemAction(cdsLibManager->cellListBox 8 0)
\a cdsLibManager->libListBox->value = nil
\a cdsLibManager->libLineEdit->value = ""
\a cdsLibManager->cellLineEdit->value = ""
\a cdsLibManager->cellListBox->value = nil
\a cdsLibManager->libListBox->value = "Device_Characteristics"
\a cdsLibManager->libLineEdit->value = "Device_Characteristics"
\a cdsLibManager->cellListBox->value = "FastBias_nel"
\a cdsLibManager->cellLineEdit->value = "FastBias_nel"
\a cdsLibManager->viewListBox->value = "schematic"
\a cdsLibManager->viewLineEdit->value = "schematic"
\a cdsLibManager->viewLineEdit->value = ""
\a cdsLibManager->viewListBox->value = nil
\a cdsLibManager->viewListBox->value = "schematic"
\a cdsLibManager->viewLineEdit->value = "schematic"
\a nrSetCurrentWindow(cdsLibManager)
\a nrSetCurrentWindow(cdsLibManager)
\a cdsLibManager->cellListBox->value = "DC_Bias_nel"
\a cdsLibManager->cellLineEdit->value = "DC_Bias_nel"
\a cdsLibManager->viewLineEdit->value = ""
\a cdsLibManager->viewListBox->value = nil
\a cdsLibManager->viewListBox->value = "schematic"
\a cdsLibManager->viewLineEdit->value = "schematic"
\a cdsLibManager->cellListBox->value = "Bias_nel"
\a cdsLibManager->cellLineEdit->value = "Bias_nel"
\a cdsLibManager->viewLineEdit->value = ""
\a cdsLibManager->viewListBox->value = nil
\a cdsLibManager->viewListBox->value = "schematic"
\a cdsLibManager->viewLineEdit->value = "schematic"
\a cdsLibManager->viewListBox->value = nil
\a cdsLibManager->viewLineEdit->value = ""
\a cdsLibManager->viewListBox->value = "schematic"
\a cdsLibManager->viewLineEdit->value = "schematic"
\o MPS request: edit design
\a nrListItemAction(cdsLibManager->gdmXTView 0 1)
\a nrSetCurrentWindow(cdsLibManager)
\a cdsLibManager->viewListBox->value = "symbol"
\a cdsLibManager->viewLineEdit->value = "symbol"
\o MPS request: edit design
\a nrListItemAction(cdsLibManager->gdmXTView 1 0)
\a nrSetCurrentWindow(cdsLibManager)
\a cdsLibManager->cellListBox->value = "Bias_pel"
\a cdsLibManager->cellLineEdit->value = "Bias_pel"
\a cdsLibManager->viewLineEdit->value = ""
\a cdsLibManager->viewListBox->value = nil
\a cdsLibManager->viewListBox->value = "symbol"
\a cdsLibManager->viewLineEdit->value = "symbol"
\a cdsLibManager->viewListBox->value = nil
\a cdsLibManager->viewLineEdit->value = ""
\a cdsLibManager->viewListBox->value = "symbol"
\a cdsLibManager->viewLineEdit->value = "symbol"
\o MPS request: edit design
\a nrListItemAction(cdsLibManager->gdmXTView 1 1)
\a nrSetCurrentWindow(cdsLibManager)
\a cdsLibManager->cellListBox->value = "Bias_nel"
\a cdsLibManager->cellLineEdit->value = "Bias_nel"
\a cdsLibManager->viewLineEdit->value = ""
\a cdsLibManager->viewListBox->value = nil
\a cdsLibManager->viewListBox->value = "symbol"
\a cdsLibManager->viewLineEdit->value = "symbol"
\a cdsLibManager->cellListBox->value = "Bias_pel"
\a cdsLibManager->cellLineEdit->value = "Bias_pel"
\a cdsLibManager->viewLineEdit->value = ""
\a cdsLibManager->viewListBox->value = nil
\a cdsLibManager->viewListBox->value = "symbol"
\a cdsLibManager->viewLineEdit->value = "symbol"
\a nrSetCurrentWindow(cdsLibManager)
\a cdsLibManager->cellListBox->value = "FastBias_nel"
\a cdsLibManager->cellLineEdit->value = "FastBias_nel"
\a cdsLibManager->viewLineEdit->value = ""
\a cdsLibManager->viewListBox->value = nil
\a cdsLibManager->viewListBox->value = "schematic"
\a cdsLibManager->viewLineEdit->value = "schematic"
\a cdsLibManager->viewListBox->value = nil
\a cdsLibManager->viewLineEdit->value = ""
\a cdsLibManager->viewListBox->value = "schematic"
\a cdsLibManager->viewLineEdit->value = "schematic"
\o MPS request: edit design
\a nrListItemAction(cdsLibManager->gdmXTView 0 0)
\a nrSetCurrentWindow(cdsLibManager)
\a cdsLibManager->cellListBox->value = "FastBias_pe"
\a cdsLibManager->cellLineEdit->value = "FastBias_pe"
\a cdsLibManager->viewLineEdit->value = ""
\a cdsLibManager->viewListBox->value = nil
\a cdsLibManager->viewListBox->value = "schematic"
\a cdsLibManager->viewLineEdit->value = "schematic"
\a cdsLibManager->viewLineEdit->value = ""
\a cdsLibManager->viewListBox->value = nil
\a lmgrLogShowPopup("mainListPopup1" 49 164 2 "FastBias_pe")
\a cdsLibManager->copySimpleButton->value = t
\a copyCellForm->SkipLibrariesEdit->value = "*"
\a copyCellForm->ViewsToCopy->value = ""
\a copyCellForm->CopyFromCell->value = ""
\a copyCellForm->CopyToCell->value = ""
\a copyCellForm->CopyFromLibrary->value = ""
\a copyCellForm->CopyToLibrary->value = ""
\a copyCellForm->CopyFromLibrary->value = "CHARACTERIZATION"
\a copyCellForm->CopyToLibrary->value = "CHARACTERIZATION"
\a copyCellForm->CopyFromLibrary->value = "Device_Characteristics"
\a copyCellForm->CopyFromCell->value = "FastBias_pe"
\a copyCellForm->CopyToLibrary->value = "Device_Characteristics"
\a copyCellForm->CopyToCell->value = "FastBias_pe"
\a copyCellForm->ViewsToCopy->value = "schematic"
\a copyCellForm->SkipLibrariesEdit->value = ""
\a copyCellForm->SkipLibrariesEdit->value = "CHARACTERIZATION CadenceLibs D_CELLS_3V D_CELLS_HD D_CELLS_HDLL D_CELLS_HDMT D_CELLS_HDMV D_CELLS_JI3V D_CELLS_JIHD D_CELLS_JIHDLL D_CELLS_JIHDMT D_CELLS_JIHDMV D_CELLS_JIM3V D_CELLS_M3V DigitalLibs EsdLibs GATES_3V GATES_HD GATES_JI3V GATES_JIHD GATES_JIMT GATES_MT HV_CELLS IO_CELLS_3V IO_CELLS_C1V8 IO_CELLS_C3V IO_CELLS_F3V IO_CELLS_FC1V8 IO_CELLS_FC3V IO_CELLS_JI3V IO_CELLS_JIF3V MultiChannel_EMG_IMP MultiChannel_EMG_Model MultiChannel_EMG_TestBench PRIMLIB Stimulator_IMP Stimulator_Model Stimulator_TestBench TECH_XH018 TECH_XH018_HD US_8ths VLG_PRIMITIVES XFABLibs ahdlLib ambit analogLib avTech basic cdsDefTechLib connectLib\\nfunctional ieee sample sbaLib std synopsys xfab_connectLib"
\a nrSetCurrentWindow(copyCellForm)
\a nrResizeWindow(copyCellForm list(737 181 530 659))
\a copyCellForm->CopyToCell->value = "FastBias_pel"
\a nrDialogAccept(copyCellForm)
\a copyCellForm->OK->value = t
\o Beginning simple copy to library "Device_Characteristics".
\o Processing files to be copied...
\a nrSetCurrentWindow(workingDialogForm)
\a nrSetCurrentWindow(cdsLibManager)
\a nrSetCurrentWindow(workingDialogForm)
\a nrResizeWindow(workingDialogForm list(866 474 273 133))
\a nrResizeWindow(copyCellForm list(737 151 530 659))
\o Copy succeeded.
\a cdsLibManager->libListBox->value = nil
\a cdsLibManager->libLineEdit->value = ""
\a cdsLibManager->cellListBox->value = nil
\a cdsLibManager->cellLineEdit->value = ""
\a cdsLibManager->libListBox->value = "Device_Characteristics"
\a cdsLibManager->libLineEdit->value = "Device_Characteristics"
\a cdsLibManager->cellListBox->value = "FastBias_pe"
\a cdsLibManager->cellLineEdit->value = "FastBias_pe"
\a cdsLibManager->viewListBox->value = "schematic"
\a cdsLibManager->viewLineEdit->value = "schematic"
\a cdsLibManager->viewLineEdit->value = ""
\a cdsLibManager->viewListBox->value = nil
\a cdsLibManager->viewListBox->value = "schematic"
\a cdsLibManager->viewLineEdit->value = "schematic"
\a cdsLibManager->viewLineEdit->value = ""
\a cdsLibManager->viewListBox->value = nil
\a copyCellForm->SkipLibrariesEdit->value = "*"
\a nrSetCurrentWindow(cdsLibManager)
\a nrResizeWindow(workingDialogForm list(866 444 273 133))
\a cdsLibManager->cellListBox->value = "FastBias_pel"
\a cdsLibManager->cellLineEdit->value = "FastBias_pel"
\a cdsLibManager->viewListBox->value = "schematic"
\a cdsLibManager->viewLineEdit->value = "schematic"
\a cdsLibManager->viewListBox->value = nil
\a cdsLibManager->viewLineEdit->value = ""
\a cdsLibManager->viewListBox->value = "schematic"
\a cdsLibManager->viewLineEdit->value = "schematic"
\o MPS request: edit design
\a nrListItemAction(cdsLibManager->gdmXTView 0 0)
\a nrSetCurrentWindow(cdsLibManager)
\a nrSetCurrentWindow(cdsLibManager)
\a nrSetCurrentWindow(cdsLibManager)
\a nrSetCurrentWindow(cdsLibManager)
\a nrSetCurrentWindow(cdsLibManager)
\a nrSetCurrentWindow(cdsLibManager)
\a nrSetCurrentWindow(cdsLibManager)
\a nrSetCurrentWindow(cdsLibManager)
\a nrResizeWindow(cdsLibManager list(2125 297 1388 824))
\a nrSetCurrentWindow(cdsLibManager)
\a nrResizeWindow(cdsLibManager list(1989 147 1851 1025))
\a nrSetCurrentWindow(cdsLibManager)
\a cdsLibManager->libListBox->value = "MultiChannel_EMG_TestBench"
\a cdsLibManager->libLineEdit->value = "MultiChannel_EMG_TestBench"
\a cdsLibManager->cellLineEdit->value = ""
\a cdsLibManager->cellListBox->value = nil
\a cdsLibManager->viewLineEdit->value = ""
\a cdsLibManager->viewListBox->value = nil
\a cdsLibManager->libListBox->value = "Stimulator_IMP"
\a cdsLibManager->libLineEdit->value = "Stimulator_IMP"
\a cdsLibManager->libListBox->value = "Stimulator_Model"
\a cdsLibManager->libLineEdit->value = "Stimulator_Model"
\a cdsLibManager->libListBox->value = "MultiChannel_EMG_Model"
\a cdsLibManager->libLineEdit->value = "MultiChannel_EMG_Model"
\a cdsLibManager->cellListBox->value = "NoiseSim_TCA"
\a cdsLibManager->cellLineEdit->value = "NoiseSim_TCA"
\a cdsLibManager->viewListBox->value = "schematic"
\a cdsLibManager->viewLineEdit->value = "schematic"
\a cdsLibManager->viewListBox->value = "adexl"
\a cdsLibManager->viewLineEdit->value = "adexl"
\a cdsLibManager->viewListBox->value = "schematic"
\a cdsLibManager->viewLineEdit->value = "schematic"
\o MPS request: edit design
\a nrListItemAction(cdsLibManager->gdmXTView 1 0)
\a nrSetWindowVisibility(cdsLibManager "hide")
\a nrSetWindowVisibility(cdsLibManager "show")
\a nrResizeWindow(cdsLibManager list(1921 147 1919 1025))
\a nrResizeWindow(cdsLibManager list(1989 147 1851 1025))
\a nrSetCurrentWindow(cdsLibManager)
\a cdsLibManager->libListBox->value = "Stimulator_IMP"
\a cdsLibManager->libLineEdit->value = "Stimulator_IMP"
\a cdsLibManager->cellLineEdit->value = ""
\a cdsLibManager->cellListBox->value = nil
\a cdsLibManager->viewLineEdit->value = ""
\a cdsLibManager->viewListBox->value = nil
\a cdsLibManager->libListBox->value = "Stimulator_Model"
\a cdsLibManager->libLineEdit->value = "Stimulator_Model"
\a cdsLibManager->libListBox->value = "Stimulator_IMP"
\a cdsLibManager->libLineEdit->value = "Stimulator_IMP"
\a cdsLibManager->libListBox->value = "MultiChannel_EMG_IMP"
\a cdsLibManager->libLineEdit->value = "MultiChannel_EMG_IMP"
\a cdsLibManager->cellListBox->value = "TCA_DC_Bias"
\a cdsLibManager->cellLineEdit->value = "TCA_DC_Bias"
\a cdsLibManager->viewListBox->value = "schematic"
\a cdsLibManager->viewLineEdit->value = "schematic"
\a cdsLibManager->viewLineEdit->value = ""
\a cdsLibManager->viewListBox->value = nil
\a lmgrLogShowPopup("mainListPopup1" 39 44 2 "TCA_DC_Bias")
\a lmgrLogShowPopup("mainListPopup1" 69 46 2 "TCA_DC_Bias")
\a cdsLibManager->copySimpleButton->value = t
\a copyCellForm->SkipLibrariesEdit->value = "*"
\a copyCellForm->ViewsToCopy->value = ""
\a copyCellForm->CopyFromCell->value = ""
\a copyCellForm->CopyToCell->value = ""
\a copyCellForm->CopyFromLibrary->value = ""
\a copyCellForm->CopyToLibrary->value = ""
\a copyCellForm->CopyFromLibrary->value = "CHARACTERIZATION"
\a copyCellForm->CopyToLibrary->value = "CHARACTERIZATION"
\a copyCellForm->CopyFromLibrary->value = "MultiChannel_EMG_IMP"
\a copyCellForm->CopyFromCell->value = "TCA_DC_Bias"
\a copyCellForm->CopyToLibrary->value = "MultiChannel_EMG_IMP"
\a copyCellForm->CopyToCell->value = "TCA_DC_Bias"
\a copyCellForm->ViewsToCopy->value = "adexl schematic"
\a copyCellForm->SkipLibrariesEdit->value = ""
\a copyCellForm->SkipLibrariesEdit->value = "CHARACTERIZATION CadenceLibs D_CELLS_3V D_CELLS_HD D_CELLS_HDLL D_CELLS_HDMT D_CELLS_HDMV D_CELLS_JI3V D_CELLS_JIHD D_CELLS_JIHDLL D_CELLS_JIHDMT D_CELLS_JIHDMV D_CELLS_JIM3V D_CELLS_M3V Device_Characteristics DigitalLibs EsdLibs GATES_3V GATES_HD GATES_JI3V GATES_JIHD GATES_JIMT GATES_MT HV_CELLS IO_CELLS_3V IO_CELLS_C1V8 IO_CELLS_C3V IO_CELLS_F3V IO_CELLS_FC1V8 IO_CELLS_FC3V IO_CELLS_JI3V IO_CELLS_JIF3V MultiChannel_EMG_Model MultiChannel_EMG_TestBench PRIMLIB Stimulator_IMP Stimulator_Model Stimulator_TestBench TECH_XH018 TECH_XH018_HD US_8ths VLG_PRIMITIVES XFABLibs ahdlLib ambit analogLib avTech basic cdsDefTechLib connectLib\\nfunctional ieee sample sbaLib std synopsys xfab_connectLib"
\a nrSetCurrentWindow(copyCellForm)
\a nrResizeWindow(copyCellForm list(737 181 530 659))
\a nrSetWindowVisibility(cdsLibManager "hide")
\a nrSetWindowVisibility(copyCellForm "show")
\a nrSetWindowVisibility(cdsLibManager "show")
\a nrResizeWindow(cdsLibManager list(69 0 1851 1052))
\a nrResizeWindow(copyCellForm list(737 162 530 659))
\a nrResizeWindow(cdsLibManager list(69 27 1851 1025))
\a nrSetCurrentWindow(copyCellForm)
\a copyCellForm->CopyToCell->value = "TCA_DC_Bias"
\a nrSetCurrentWindow(copyCellForm)
\a copyCellForm->CopyToCell->value = "TCA_DC_Bias_v2"
\a nrDialogAccept(copyCellForm)
\a copyCellForm->OK->value = t
\o Beginning simple copy to library "MultiChannel_EMG_IMP".
\o Processing files to be copied...
\a nrSetCurrentWindow(workingDialogForm)
\a nrResizeWindow(workingDialogForm list(856 461 273 133))
\a nrSetCurrentWindow(cdsLibManager)
\a nrSetCurrentWindow(workingDialogForm)
\a nrResizeWindow(workingDialogForm list(848 461 273 133))
\a nrResizeWindow(copyCellForm list(737 132 530 659))
\o Copy succeeded.
\a cdsLibManager->libListBox->value = nil
\a cdsLibManager->libLineEdit->value = ""
\a cdsLibManager->cellListBox->value = nil
\a cdsLibManager->cellLineEdit->value = ""
\a cdsLibManager->libListBox->value = "MultiChannel_EMG_IMP"
\a cdsLibManager->libLineEdit->value = "MultiChannel_EMG_IMP"
\a cdsLibManager->cellListBox->value = "TCA_DC_Bias"
\a cdsLibManager->cellLineEdit->value = "TCA_DC_Bias"
\a cdsLibManager->viewListBox->value = "schematic"
\a cdsLibManager->viewLineEdit->value = "schematic"
\a cdsLibManager->viewLineEdit->value = ""
\a cdsLibManager->viewListBox->value = nil
\a cdsLibManager->viewListBox->value = "schematic"
\a cdsLibManager->viewLineEdit->value = "schematic"
\a cdsLibManager->viewLineEdit->value = ""
\a cdsLibManager->viewListBox->value = nil
\a copyCellForm->SkipLibrariesEdit->value = "*"
\a nrSetCurrentWindow(cdsLibManager)
\a nrResizeWindow(workingDialogForm list(848 431 273 133))
\a cdsLibManager->cellListBox->value = "TCA_DC_Bias_v2"
\a cdsLibManager->cellLineEdit->value = "TCA_DC_Bias_v2"
\a cdsLibManager->viewListBox->value = "schematic"
\a cdsLibManager->viewLineEdit->value = "schematic"
\a nrSetCurrentWindow(cdsLibManager)
\a cdsLibManager->cellLineEdit->value = ""
\a cdsLibManager->cellListBox->value = nil
\a cdsLibManager->viewLineEdit->value = ""
\a cdsLibManager->viewListBox->value = nil
\a cdsLibManager->cellListBox->value = "TCA_DC_Bias_v2"
\a cdsLibManager->cellLineEdit->value = "TCA_DC_Bias_v2"
\a cdsLibManager->viewListBox->value = "schematic"
\a cdsLibManager->viewLineEdit->value = "schematic"
\a cdsLibManager->cellLineEdit->value = ""
\a cdsLibManager->cellListBox->value = nil
\a cdsLibManager->viewLineEdit->value = ""
\a cdsLibManager->viewListBox->value = nil
\a cdsLibManager->cellListBox->value = "TCA_DC_Bias_v2"
\a cdsLibManager->cellLineEdit->value = "TCA_DC_Bias_v2"
\a cdsLibManager->viewListBox->value = "schematic"
\a cdsLibManager->viewLineEdit->value = "schematic"
\a cdsLibManager->viewLineEdit->value = ""
\a cdsLibManager->viewListBox->value = nil
\o MPS request: edit design
\a nrListItemAction(cdsLibManager->cellListBox 3 0)
\a cdsLibManager->libListBox->value = nil
\a cdsLibManager->libLineEdit->value = ""
\a cdsLibManager->cellLineEdit->value = ""
\a cdsLibManager->cellListBox->value = nil
\a cdsLibManager->libListBox->value = "MultiChannel_EMG_IMP"
\a cdsLibManager->libLineEdit->value = "MultiChannel_EMG_IMP"
\a cdsLibManager->cellListBox->value = "TCA_DC_Bias_v2"
\a cdsLibManager->cellLineEdit->value = "TCA_DC_Bias_v2"
\a cdsLibManager->viewListBox->value = "schematic"
\a cdsLibManager->viewLineEdit->value = "schematic"
\a cdsLibManager->viewLineEdit->value = ""
\a cdsLibManager->viewListBox->value = nil
\a cdsLibManager->viewListBox->value = "schematic"
\a cdsLibManager->viewLineEdit->value = "schematic"
\a nrSetCurrentWindow(cdsLibManager)
\a nrResizeWindow(cdsLibManager list(1 27 1919 1025))
\a nrResizeWindow(cdsLibManager list(69 27 1851 1025))
\a nrSetCurrentWindow(cdsLibManager)
\a nrSetWindowVisibility(cdsLibManager "hide")
\a _lmgrCloseIconify("cdsLibManager" 1)
\a nrSetWindowVisibility(cdsLibManager "show")
\a nrResizeWindow(cdsLibManager list(205 177 1388 824))
\a nrResizeWindow(cdsLibManager list(2125 177 1388 824))
\a nrSetCurrentWindow(cdsLibManager)
\a cdsLibManager->cellListBox->value = "TCA_1"
\a cdsLibManager->cellLineEdit->value = "TCA_1"
\a cdsLibManager->viewLineEdit->value = ""
\a cdsLibManager->viewListBox->value = nil
\a cdsLibManager->viewListBox->value = "schematic"
\a cdsLibManager->viewLineEdit->value = "schematic"
\a cdsLibManager->viewListBox->value = nil
\a cdsLibManager->viewLineEdit->value = ""
\a cdsLibManager->viewListBox->value = "schematic"
\a cdsLibManager->viewLineEdit->value = "schematic"
\o MPS request: edit design
\a nrListItemAction(cdsLibManager->gdmXTView 1 0)
\a nrSetWindowVisibility(cdsLibManager "hide")
\a nrSetWindowVisibility(cdsLibManager "show")
\a nrSetCurrentWindow(cdsLibManager)
\a nrSetWindowVisibility(cdsLibManager "hide")
\a nrSetWindowVisibility(cdsLibManager "show")
\a nrSetWindowVisibility(cdsLibManager "hide")
\a nrSetWindowVisibility(cdsLibManager "show")
\a nrSetCurrentWindow(cdsLibManager)
\a cdsLibManager->libListBox->value = "Device_Characteristics"
\a cdsLibManager->libLineEdit->value = "Device_Characteristics"
\a cdsLibManager->cellLineEdit->value = ""
\a cdsLibManager->cellListBox->value = nil
\a cdsLibManager->viewLineEdit->value = ""
\a cdsLibManager->viewListBox->value = nil
\a cdsLibManager->cellListBox->value = "FastBias_pel"
\a cdsLibManager->cellLineEdit->value = "FastBias_pel"
\a cdsLibManager->viewListBox->value = "schematic"
\a cdsLibManager->viewLineEdit->value = "schematic"
\a cdsLibManager->viewListBox->value = nil
\a cdsLibManager->viewLineEdit->value = ""
\a cdsLibManager->viewListBox->value = "schematic"
\a cdsLibManager->viewLineEdit->value = "schematic"
\o MPS request: edit design
\a nrListItemAction(cdsLibManager->gdmXTView 0 1)
\a nrSetCurrentWindow(cdsLibManager)
\a nrSetWindowVisibility(cdsLibManager "hide")
\a nrSetWindowVisibility(cdsLibManager "show")
\a nrSetCurrentWindow(cdsLibManager)
\a nrSetWindowVisibility(cdsLibManager "hide")
\a nrSetWindowVisibility(cdsLibManager "show")
\a nrSetWindowVisibility(cdsLibManager "hide")
\a nrSetWindowVisibility(cdsLibManager "show")
\a nrSetCurrentWindow(cdsLibManager)
\a cdsLibManager->viewListBox->value = nil
\a cdsLibManager->viewLineEdit->value = ""
\a cdsLibManager->viewListBox->value = "schematic"
\a cdsLibManager->viewLineEdit->value = "schematic"
\o MPS request: edit design
\a nrListItemAction(cdsLibManager->gdmXTView 0 0)
\a nrSetCurrentWindow(cdsLibManager)
\a nrSetWindowVisibility(cdsLibManager "hide")
\a nrSetWindowVisibility(cdsLibManager "show")
\a nrSetCurrentWindow(cdsLibManager)
\a cdsLibManager->libListBox->value = "MultiChannel_EMG_IMP"
\a cdsLibManager->libLineEdit->value = "MultiChannel_EMG_IMP"
\a cdsLibManager->cellLineEdit->value = ""
\a cdsLibManager->cellListBox->value = nil
\a cdsLibManager->viewLineEdit->value = ""
\a cdsLibManager->viewListBox->value = nil
\a cdsLibManager->cellListBox->value = "TCA_1"
\a cdsLibManager->cellLineEdit->value = "TCA_1"
\a cdsLibManager->viewListBox->value = "schematic"
\a cdsLibManager->viewLineEdit->value = "schematic"
\a cdsLibManager->viewLineEdit->value = ""
\a cdsLibManager->viewListBox->value = nil
\a lmgrLogShowPopup("mainListPopup1" 83 6 2 "TCA_1")
\a cdsLibManager->copySimpleButton->value = t
\a copyCellForm->SkipLibrariesEdit->value = "*"
\a copyCellForm->ViewsToCopy->value = ""
\a copyCellForm->CopyFromCell->value = ""
\a copyCellForm->CopyToCell->value = ""
\a copyCellForm->CopyFromLibrary->value = ""
\a copyCellForm->CopyToLibrary->value = ""
\a copyCellForm->CopyFromLibrary->value = "CHARACTERIZATION"
\a copyCellForm->CopyToLibrary->value = "CHARACTERIZATION"
\a copyCellForm->CopyFromLibrary->value = "MultiChannel_EMG_IMP"
\a copyCellForm->CopyFromCell->value = "TCA_1"
\a copyCellForm->CopyToLibrary->value = "MultiChannel_EMG_IMP"
\a copyCellForm->CopyToCell->value = "TCA_1"
\a copyCellForm->ViewsToCopy->value = "adexl schematic"
\a copyCellForm->SkipLibrariesEdit->value = ""
\a copyCellForm->SkipLibrariesEdit->value = "CHARACTERIZATION CadenceLibs D_CELLS_3V D_CELLS_HD D_CELLS_HDLL D_CELLS_HDMT D_CELLS_HDMV D_CELLS_JI3V D_CELLS_JIHD D_CELLS_JIHDLL D_CELLS_JIHDMT D_CELLS_JIHDMV D_CELLS_JIM3V D_CELLS_M3V Device_Characteristics DigitalLibs EsdLibs GATES_3V GATES_HD GATES_JI3V GATES_JIHD GATES_JIMT GATES_MT HV_CELLS IO_CELLS_3V IO_CELLS_C1V8 IO_CELLS_C3V IO_CELLS_F3V IO_CELLS_FC1V8 IO_CELLS_FC3V IO_CELLS_JI3V IO_CELLS_JIF3V MultiChannel_EMG_Model MultiChannel_EMG_TestBench PRIMLIB Stimulator_IMP Stimulator_Model Stimulator_TestBench TECH_XH018 TECH_XH018_HD US_8ths VLG_PRIMITIVES XFABLibs ahdlLib ambit analogLib avTech basic cdsDefTechLib connectLib\\nfunctional ieee sample sbaLib std synopsys xfab_connectLib"
\a nrSetCurrentWindow(copyCellForm)
\a nrResizeWindow(copyCellForm list(737 162 530 659))
\a copyCellForm->CopyToCell->value = "TCA_3"
\a nrSetCurrentWindow(copyCellForm)
\a copyCellForm->CopyToCell->value = "TCA_3"
\a copyCellForm->OK->value = t
\o Beginning simple copy to library "MultiChannel_EMG_IMP".
\o Processing files to be copied...
\a nrSetCurrentWindow(workingDialogForm)
\a nrResizeWindow(workingDialogForm list(2681 513 273 133))
\a nrSetCurrentWindow(cdsLibManager)
\a nrSetCurrentWindow(workingDialogForm)
\a nrResizeWindow(workingDialogForm list(2673 513 273 133))
\a nrResizeWindow(copyCellForm list(737 132 530 659))
\a workingDialogForm->Close->value = t
\a nrSetCurrentWindow(cdsLibManager)
\o Copy succeeded.
\a cdsLibManager->libListBox->value = nil
\a cdsLibManager->libLineEdit->value = ""
\a cdsLibManager->cellLineEdit->value = ""
\a cdsLibManager->cellListBox->value = nil
\a cdsLibManager->libListBox->value = "MultiChannel_EMG_IMP"
\a cdsLibManager->libLineEdit->value = "MultiChannel_EMG_IMP"
\a cdsLibManager->cellListBox->value = "TCA_1"
\a cdsLibManager->cellLineEdit->value = "TCA_1"
\a cdsLibManager->viewListBox->value = "schematic"
\a cdsLibManager->viewLineEdit->value = "schematic"
\a cdsLibManager->viewLineEdit->value = ""
\a cdsLibManager->viewListBox->value = nil
\a cdsLibManager->viewListBox->value = "schematic"
\a cdsLibManager->viewLineEdit->value = "schematic"
\a cdsLibManager->viewLineEdit->value = ""
\a cdsLibManager->viewListBox->value = nil
\a copyCellForm->SkipLibrariesEdit->value = "*"
\a nrResizeWindow(workingDialogForm list(2673 483 273 133))
\a cdsLibManager->cellListBox->value = "TCA_3"
\a cdsLibManager->cellLineEdit->value = "TCA_3"
\a cdsLibManager->viewListBox->value = "schematic"
\a cdsLibManager->viewLineEdit->value = "schematic"
\a cdsLibManager->viewListBox->value = nil
\a cdsLibManager->viewLineEdit->value = ""
\a cdsLibManager->viewListBox->value = "schematic"
\a cdsLibManager->viewLineEdit->value = "schematic"
\o MPS request: edit design
\a nrListItemAction(cdsLibManager->gdmXTView 1 0)
\a nrSetCurrentWindow(cdsLibManager)
\a nrSetWindowVisibility(cdsLibManager "hide")
\a nrSetWindowVisibility(cdsLibManager "show")
\a nrSetCurrentWindow(cdsLibManager)
\a nrSetWindowVisibility(cdsLibManager "hide")
\a nrSetWindowVisibility(cdsLibManager "show")
\a nrSetCurrentWindow(cdsLibManager)
\a cdsLibManager->libListBox->value = "Device_Characteristics"
\a cdsLibManager->libLineEdit->value = "Device_Characteristics"
\a cdsLibManager->cellLineEdit->value = ""
\a cdsLibManager->cellListBox->value = nil
\a cdsLibManager->viewLineEdit->value = ""
\a cdsLibManager->viewListBox->value = nil
\a cdsLibManager->cellListBox->value = "FastBias_pel"
\a cdsLibManager->cellLineEdit->value = "FastBias_pel"
\a cdsLibManager->viewListBox->value = "schematic"
\a cdsLibManager->viewLineEdit->value = "schematic"
\a cdsLibManager->viewListBox->value = nil
\a cdsLibManager->viewLineEdit->value = ""
\a cdsLibManager->viewListBox->value = "schematic"
\a cdsLibManager->viewLineEdit->value = "schematic"
\o MPS request: edit design
\a nrListItemAction(cdsLibManager->gdmXTView 0 0)
\a nrSetCurrentWindow(cdsLibManager)
\a nrSetWindowVisibility(cdsLibManager "hide")
\a nrSetWindowVisibility(cdsLibManager "show")
\a nrSetCurrentWindow(cdsLibManager)
\a nrSetWindowVisibility(cdsLibManager "hide")
\a nrSetWindowVisibility(cdsLibManager "show")
\a nrSetCurrentWindow(cdsLibManager)
\a nrSetWindowVisibility(cdsLibManager "hide")
\a nrSetWindowVisibility(cdsLibManager "show")
\a nrSetCurrentWindow(cdsLibManager)
\a cdsLibManager->viewListBox->value = nil
\a cdsLibManager->viewLineEdit->value = ""
\a cdsLibManager->viewListBox->value = "schematic"
\a cdsLibManager->viewLineEdit->value = "schematic"
\o MPS request: edit design
\a nrListItemAction(cdsLibManager->gdmXTView 0 0)
\a nrSetWindowVisibility(cdsLibManager "hide")
\a nrSetWindowVisibility(cdsLibManager "show")
\a nrSetCurrentWindow(cdsLibManager)
\a nrSetWindowVisibility(cdsLibManager "hide")
\a nrSetWindowVisibility(cdsLibManager "show")
\a nrSetWindowVisibility(cdsLibManager "hide")
\a nrSetWindowVisibility(cdsLibManager "show")
\a nrSetWindowVisibility(cdsLibManager "hide")
\a nrSetWindowVisibility(cdsLibManager "show")
\a nrSetCurrentWindow(cdsLibManager)
\a cdsLibManager->cellListBox->value = "FastBias_nel"
\a cdsLibManager->cellLineEdit->value = "FastBias_nel"
\a cdsLibManager->viewLineEdit->value = ""
\a cdsLibManager->viewListBox->value = nil
\a cdsLibManager->viewListBox->value = "schematic"
\a cdsLibManager->viewLineEdit->value = "schematic"
\a cdsLibManager->viewListBox->value = nil
\a cdsLibManager->viewLineEdit->value = ""
\a cdsLibManager->viewListBox->value = "schematic"
\a cdsLibManager->viewLineEdit->value = "schematic"
\o MPS request: edit design
\a nrListItemAction(cdsLibManager->gdmXTView 0 1)
\a nrSetCurrentWindow(cdsLibManager)
\a nrSetWindowVisibility(cdsLibManager "hide")
\a nrSetWindowVisibility(cdsLibManager "show")
\a nrSetWindowVisibility(cdsLibManager "hide")
\a nrSetWindowVisibility(cdsLibManager "show")
\a nrSetCurrentWindow(cdsLibManager)
\a nrSetWindowVisibility(cdsLibManager "hide")
\a nrSetWindowVisibility(cdsLibManager "show")
\a nrSetCurrentWindow(cdsLibManager)
\a cdsLibManager->libListBox->value = "MultiChannel_EMG_Model"
\a cdsLibManager->libLineEdit->value = "MultiChannel_EMG_Model"
\a cdsLibManager->cellLineEdit->value = ""
\a cdsLibManager->cellListBox->value = nil
\a cdsLibManager->viewLineEdit->value = ""
\a cdsLibManager->viewListBox->value = nil
\a nrSetWindowVisibility(cdsLibManager "hide")
\a cdsLibManager->libListBox->value = nil
\a cdsLibManager->libLineEdit->value = ""
\a cdsLibManager->libListBox->value = "MultiChannel_EMG_Model"
\a cdsLibManager->libLineEdit->value = "MultiChannel_EMG_Model"
