\# Program start time:     UTC 2021.10.07 12:35:47.855
\# Local time: CEST (UTC+02:00) 2021.10.07 14:35:47.855
\o Program:		@(#)$CDS: virtuoso version 6.1.8-64b 10/08/2019 20:07 (sjfhw316) $
\o Hierarchy:		/pkg/cadence/installs/IC618/tools.lnx86/dfII/
\o Sub version:		sub-version  IC6.1.8-64b.500.7  (64-bit addresses)
\# Command line:	/pkg/cadence/installs/IC618/tools.lnx86/dfII/bin/64bit/virtuoso -noautostart -mpssession virtuoso7925 -mpshost s2424 -davinciService DaVinciService_7925_1633380151 -log /home/ykhuang/WorkingDir_XH018/logs_ykhuang/logs0/Job193.log -licenseLockFileName /home/ykhuang/WorkingDir_XH018/.tmp_ykhuang/.s2424_7925 -interactiveA -interactiveE -interactiveRTT -nostdin -nograph -axlChildIdFlag 193
\# Host name (type):	s2424 (x86_64)
\# Operating system:	Linux 3.10.0-1160.42.2.el7.x86_64 #1 SMP Tue Sep 7 14:49:57 UTC 2021
\# Linux /etc/issue:	\S
\# Linux /etc/issue:	Kernel \r on an \m
\# X display name (WxH):	:95 (1024x868)
\# Available geometry:			TL(0:0) BR(1023:867)
\# X server:			RealVNC Ltd (VNC nograph server, PID 28607)
\# Depth of Visual (Root):	16 (16)
\# Number of Planes Used:	16
\# X version:		11.0 (vendor release 3370)
\# X resource pool:	base 0x800000, mask 0x3fffff (4194303), shift 0
\# 			current id 0x0, current max 0x3ffffa (4194298)
\# Max data seg size:	     unlimited
\# Max process size:	     unlimited
\# Initial sbrk value:	        530 MB
\# Available memory:	     55,595 MB
\# System memory:	     96,361 MB
\# Maximum memory size:	     95,988 MB
\# Max mem available:	     55,752 MB
\# Initial memory used:	        157 MB
\#        process size:	      1,382 MB
\# Thread usage limits (effective/default):	maxthreads 4096/4096 maxload 32.00/32.00
\# Qt version:		5.9.1
\# Window Manager:	other
\# User Name:		ykhuang
\o Working Directory:	s2424:/home/ykhuang/WorkingDir_XH018
\# Process Id:		28632
\o 
\o COPYRIGHT (C) 1992-2019  CADENCE DESIGN SYSTEMS INC.  ALL RIGHTS RESERVED.
\o           (C) 1992-2019  UNIX SYSTEMS Laboratories INC.,
\o                          Reproduced with permission.
\o 
\o This Cadence Design Systems program and online documentation are
\o proprietary/confidential information and may be disclosed/used only
\o as authorized in a license agreement controlling such use and disclosure.
\o 
\o           RESTRICTED RIGHTS NOTICE (SHORT FORM)
\o Use/reproduction/disclosure is subject to restriction
\o set forth at FAR 1252.227-19 or its equivalent.
\o Loading geView.cxt 
\o Loading menuBuilder.cxt 
\o Loading schView.cxt 
\o Loading selectSv.cxt 
\o Loading pvsui.cxt.
\o Loading wireEdit.cxt 
\o Loading pte2.cxt 
\o Loading xlUI.cxt 
\o Loading auCore.cxt 
\o Loading vhdl.cxt 
\o Loading seismic.cxt 
\o Loading ci.cxt 
\o Loading layers.cxt 
\o Loading ams.cxt 
\o Loading oasis.cxt 
\o Loading analog.cxt 
\o Loading asimenv.cxt 
\o Loading dal.cxt 
\o Loading awv.cxt 
\o Loading socket.cxt 
\o Loading par.cxt 
\o Loading alvs.cxt 
\o Loading caa.cxt 
\o Loading amps.cxt 
\o Loading adexlCore.cxt 
\# Memory report: using         288 MB, process size 1,592 MB at UTC 2021.10.07 12:35:50.070
\o Loading adexl.cxt 
\o *Info*    Exporting services from client ... 
\o 
\o Loading cli.cxt 
\o Loading cle.cxt 
\o INFO (ELI-00302) Connecting to parent process (session=virtuoso7925, host=s2424). ICRP is turned on. Total timeout is 180 seconds. Connection timeout is 90 seconds.
\o INFO (ELI-00303) Step 1: Connecting to parent. Time spent is 0 seconds.
\o INFO (ELI-00304) The registration of the child 28632 within 90 seconds is being processed...
\o INFO (ELI-00305) The result of registration is true. Time spent is 0 seconds.
\o INFO (ELI-00308) The connection has ended. Result is true. Total time spent is 0 seconds.
\o Loading .cdsinit for the XH018 X-Fab XKit.
\o     LOAD xh018_1143 SPECIFIC CALL-BACK ROUTINES
\o     LOAD ALL AVAILABLE P-CELL FUNCTIONS
\o ** Info: PDK loadpath is "./.xkit/setup/xh018/cadence/PDK"
\o Loading XfPcellCore.cxt
\o Loading XfSktTools.cxt
\o Loading XfTechXh018.cxt
\o nil
\o Initializing library.
\o Finished Initializing Library .
\o     Generic PcellKit: 'production' loaded.
\o     Generic Pcell Skill Tools: 'production' loaded.
\o Loading Circuit Prospector Setup (XfCircuitProspSetup.il)
\o "XfDtbSkill package succesfully loaded."
\o     Generic Dcells Tool Box: 'Dcells_Toolbox_v1.2.0' loaded.
\o     LOAD THE ENVIRONMENT FILE
\o  --> Setting the required PDK definitions...
\o     GDSII LAYER MAPPING FILE = "./.xkit/setup/xh018/cadence/PDK/TECH_XH018_1143/strmInOut.layertable"
\o     GDSII OBJECT MAPPING FILE = "./.xkit/setup/xh018/cadence/PDK/TECH_XH018_1143/strmOutObjects.map"
\o Use model setup from PDK...
\o Loading spectrei.cxt 
\o Loading devCheck.cxt 
\o Loading relXpert.cxt 
\# Memory report: using         406 MB, process size 1,702 MB at UTC 2021.10.07 12:35:52.085
\o Loading vdsil.cxt 
\o Loading hspiceD.cxt 
\o Loading spectreinl.cxt 
\o Loading UltraSim.cxt 
\o Loading msgHandler.cxt 
\o Loading AMSOSS.cxt 
\o Loading AMS.cxt 
\o  --> Finished setting the required PDK definitions
\o  --> Setting the recommended EDA tool defaults...
\o  --> Finished setting the recommended EDA tool defaults
\o     LOAD DEFAULT BINDKEYS
\o Loading viva.cxt 
\o *Info*    Client has finished starting ... 
\o 
\p > 
\a _treeSetOpcGUI(t)
\r t
\o Loading vqp.cxt 
\o 
\o 
\o *Info*    Configuring the session ...
\o 
\o 	Library      = MultiChannel_EMG_TestBench
\o 	Cell         = TCAimp_TB
\o 	View         = schematic
\o 	Simulator    = spectre
\o 	State Path   = $AXL_SETUPDB_DIR/test_states
\o 	State Name   = MultiChannel_EMG_TestBench:TCAimp_TB:1_none_Interactive.9
\o 	Results DB   = /home/ykhuang/WorkingDir_XH018/MultiChannel_EMG_TestBench/TCAimp_TB/adexl/results/data/Interactive.9.rdb
\o 	Results Dir  = /home/ykhuang/WorkingDir_XH018/Sim/MultiChannel_EMG_TestBench/TCAimp_TB/adexl/results/data/Interactive.9/1/MultiChannel_EMG_TestBench:TCAimp_TB:1
\o 	Results Loc  = /home/ykhuang/WorkingDir_XH018/Sim/MultiChannel_EMG_TestBench/TCAimp_TB/adexl/results/data
\o 	Project Dir  = /home/ykhuang/WorkingDir_XH018/Sim
\o 	Setup DB loc = /home/ykhuang/WorkingDir_XH018/MultiChannel_EMG_TestBench/TCAimp_TB/adexl
\o 	File Encoding = 0
\o 
\o 
\o Loading simui.cxt 
\o INFO (TECH-150003): The technology database "analogLib" has been automatically
\o updated from revision 226610(DM 0) to revision 227612(DM 3) in virtual memory.
\o 
\o *Info*    The auto suspension is disabled.
\o 
\o     LOAD GENERIC "X-KIT" SKILL CONTEXT "./.xkit/setup/x_all/cadence/xenv/skill/context6/xkit.cxt" 
\o  - Menu "XKit Utilities" installed to CIW.
\o     LOAD ".cdsinit_personal" FILE FROM THE WORKING DIRECTORY.
\o     INFO: To customize this setup, please use the following environment variables:
\o           CUSTOM_SCRIPT_PATH - should point to the master shell or perl script
\o                              e.g.:
\o                              setenv CUSTOM_SCRIPT_PATH /path/to/my/script/LoadMyScripts.csh
\o           CUSTOM_SKILL_PATH - should point to your master skill load file
\o                              e.g.:
\o                              setenv CUSTOM_SKILL_PATH /path/to/my/skill/LoadMySkills.il
\o  -> END LOAD ".cdsinit" FILE
\o Loading monte.cxt 
\o 
\o 
\o 
\o 
\o 
\o *Info*    Run start for Point ID (9 1) on testbench [
\o           MultiChannel_EMG_TestBench:TCAimp_TB:1 ].
\o 
\o Resetting statistical vars
\o 
\o *Info*    Setting parameter values ...
\o 
\o Setting var AMP = "100u"
\o Setting var IPULSE_BIAS = "0"
\o Setting var VCM = "900m"
\o Setting var VCM_AC = "0"
\o Setting var VDD = "1.8"
\o Setting var VDD_AC = "0"
\o Setting var VD_PULSE = "0"
\o Setting var VIN_AC = "1"
\o Setting var VOS = "0"
\o Setting var fsig = "500"
\o Setting temp(T) = 27
\o 
\o *Info*    Netlist Directory =
\o           /home/ykhuang/WorkingDir_XH018/Sim/MultiChannel_EMG_TestBench/TCAimp_TB/adexl/results/data/Interactive.9/1/MultiChannel_EMG_TestBench:TCAimp_TB:1/netlist
\o 
\o 
\o *Info*    Data Directory    =
\o           /home/ykhuang/WorkingDir_XH018/Sim/MultiChannel_EMG_TestBench/TCAimp_TB/adexl/results/data/Interactive.9/1/MultiChannel_EMG_TestBench:TCAimp_TB:1
\o 
\o 
\o *Info*    Creating Netlist for Point ID (9 1)
\o 
\o generate netlist...
\o Loading seCore.cxt 
\o function ansCdlCompPrim redefined
\o function ansCdlCompPrim redefined
\o Begin Incremental Netlisting Oct  7 14:35:54 2021
\o INFO (TECH-150003): The technology database "basic" has been automatically
\o updated from revision 226610(DM 0) to revision 227612(DM 3) in virtual memory.
\o End netlisting Oct  7 14:35:55 2021
\o 
\o Netlisting Statistics:
\o 	Number of components:   47
\o 
\o 	Elapsed time:          1.0s (47.00/s)
\o Errors: 0	Warnings: 0
\o       ...successful.
\o compose simulator input file...
\o       ...successful.
\o 
\o *Info*    Running simulation on testbench [
\o           MultiChannel_EMG_TestBench:TCAimp_TB:1 ] for Point ID (9 1).
\o 
\o Delete psf data in /home/ykhuang/WorkingDir_XH018/Sim/MultiChannel_EMG_TestBench/TCAimp_TB/adexl/results/data/Interactive.9/1/MultiChannel_EMG_TestBench:TCAimp_TB:1/psf.
\o compose simulator input file...
\o       ...successful.
\o start simulator if needed...
\o       ...successful.
\o simulate...
\o To view the simulator output, right-click on the test name, result 
\o name, or any value in the "Results" tab of the Outputs section and 
\o choose "Output Log" menu option.
\o Loading paraplot.cxt 
\o INFO (ADE-3071): Simulation completed successfully.
\o reading simulation data...
\o       ...successful.
\o *Info*    Client has finished evaluating ... 
\o 
\o 
\o *Info*    Run complete for Point ID (9 1) on testbench [
\o           MultiChannel_EMG_TestBench:TCAimp_TB:1 ].
\o 
\o 
\o 
\o 
\o 
\o 
\o 
\o 
\o 
\o 
\o *Info*    Run start for Point ID (9 2) on testbench [
\o           MultiChannel_EMG_TestBench:TCAimp_TB:1 ].
\o 
\o Resetting statistical vars
\o 
\o *Info*    Setting parameter values ...
\o 
\o 
\o *Info*    Netlist Directory =
\o           /home/ykhuang/WorkingDir_XH018/Sim/MultiChannel_EMG_TestBench/TCAimp_TB/adexl/results/data/Interactive.9/2/MultiChannel_EMG_TestBench:TCAimp_TB:1/netlist
\o 
\o 
\o *Info*    Data Directory    =
\o           /home/ykhuang/WorkingDir_XH018/Sim/MultiChannel_EMG_TestBench/TCAimp_TB/adexl/results/data/Interactive.9/2/MultiChannel_EMG_TestBench:TCAimp_TB:1
\o 
\o 
\o *Info*    Creating Netlist for Point ID (9 2)
\o 
\o generate netlist...
\o function ansCdlCompPrim redefined
\o function ansCdlCompPrim redefined
\o Begin Incremental Netlisting Oct  7 14:35:56 2021
\o End netlisting Oct  7 14:35:56 2021
\o 
\o 	The netlist is up to date.
\o 	Time taken to compare the design with netlist:   0.0s
\o       ...successful.
\o compose simulator input file...
\o       ...successful.
\o 
\o *Info*    Running simulation on testbench [
\o           MultiChannel_EMG_TestBench:TCAimp_TB:1 ] for Point ID (9 2).
\o 
\o Delete psf data in /home/ykhuang/WorkingDir_XH018/Sim/MultiChannel_EMG_TestBench/TCAimp_TB/adexl/results/data/Interactive.9/2/MultiChannel_EMG_TestBench:TCAimp_TB:1/psf.
\o compose simulator input file...
\o       ...successful.
\o start simulator if needed...
\o       ...successful.
\o simulate...
\o To view the simulator output, right-click on the test name, result 
\o name, or any value in the "Results" tab of the Outputs section and 
\o choose "Output Log" menu option.
\o INFO (ADE-3071): Simulation completed successfully.
\o reading simulation data...
\o       ...successful.
\o *Info*    Client has finished evaluating ... 
\o 
\o 
\o *Info*    Run complete for Point ID (9 2) on testbench [
\o           MultiChannel_EMG_TestBench:TCAimp_TB:1 ].
\o 
\o 
\o 
\o 
\o 
\# Available memory:         55,286 MB at UTC 2021.10.07 12:35:58.133
\# Memory report: Maximum memory size now 55,760 MB at UTC 2021.10.07 12:35:58.133
\# Thread usage report: 33 active threads, active load 1.00 at UTC 2021.10.07 12:35:58.134
\o 
\o 
\o 
\o 
\o 
\o *Info*    Run start for Point ID (9 3) on testbench [
\o           MultiChannel_EMG_TestBench:TCAimp_TB:1 ].
\o 
\o Resetting statistical vars
\o 
\o *Info*    Setting parameter values ...
\o 
\o 
\o *Info*    Netlist Directory =
\o           /home/ykhuang/WorkingDir_XH018/Sim/MultiChannel_EMG_TestBench/TCAimp_TB/adexl/results/data/Interactive.9/3/MultiChannel_EMG_TestBench:TCAimp_TB:1/netlist
\o 
\o 
\o *Info*    Data Directory    =
\o           /home/ykhuang/WorkingDir_XH018/Sim/MultiChannel_EMG_TestBench/TCAimp_TB/adexl/results/data/Interactive.9/3/MultiChannel_EMG_TestBench:TCAimp_TB:1
\o 
\o 
\o *Info*    Creating Netlist for Point ID (9 3)
\o 
\o generate netlist...
\o function ansCdlCompPrim redefined
\o function ansCdlCompPrim redefined
\o Begin Incremental Netlisting Oct  7 14:35:58 2021
\o End netlisting Oct  7 14:35:58 2021
\o 
\o 	The netlist is up to date.
\o 	Time taken to compare the design with netlist:   0.0s
\o       ...successful.
\o compose simulator input file...
\o       ...successful.
\o 
\o *Info*    Running simulation on testbench [
\o           MultiChannel_EMG_TestBench:TCAimp_TB:1 ] for Point ID (9 3).
\o 
\o Delete psf data in /home/ykhuang/WorkingDir_XH018/Sim/MultiChannel_EMG_TestBench/TCAimp_TB/adexl/results/data/Interactive.9/3/MultiChannel_EMG_TestBench:TCAimp_TB:1/psf.
\o compose simulator input file...
\o       ...successful.
\o start simulator if needed...
\o       ...successful.
\o simulate...
\o To view the simulator output, right-click on the test name, result 
\o name, or any value in the "Results" tab of the Outputs section and 
\o choose "Output Log" menu option.
\o INFO (ADE-3071): Simulation completed successfully.
\o reading simulation data...
\o       ...successful.
\o *Info*    Client has finished evaluating ... 
\o 
\o 
\o *Info*    Run complete for Point ID (9 3) on testbench [
\o           MultiChannel_EMG_TestBench:TCAimp_TB:1 ].
\o 
\o 
\o 
\o 
\o 
\o 
\o 
\o 
\o 
\o 
\o *Info*    Run start for Point ID (9 4) on testbench [
\o           MultiChannel_EMG_TestBench:TCAimp_TB:1 ].
\o 
\o Resetting statistical vars
\o 
\o *Info*    Setting parameter values ...
\o 
\o 
\o *Info*    Netlist Directory =
\o           /home/ykhuang/WorkingDir_XH018/Sim/MultiChannel_EMG_TestBench/TCAimp_TB/adexl/results/data/Interactive.9/4/MultiChannel_EMG_TestBench:TCAimp_TB:1/netlist
\o 
\o 
\o *Info*    Data Directory    =
\o           /home/ykhuang/WorkingDir_XH018/Sim/MultiChannel_EMG_TestBench/TCAimp_TB/adexl/results/data/Interactive.9/4/MultiChannel_EMG_TestBench:TCAimp_TB:1
\o 
\o 
\o *Info*    Creating Netlist for Point ID (9 4)
\o 
\o generate netlist...
\o function ansCdlCompPrim redefined
\o function ansCdlCompPrim redefined
\o Begin Incremental Netlisting Oct  7 14:35:59 2021
\o End netlisting Oct  7 14:35:59 2021
\o 
\o 	The netlist is up to date.
\o 	Time taken to compare the design with netlist:   0.0s
\o       ...successful.
\o compose simulator input file...
\o       ...successful.
\o 
\o *Info*    Running simulation on testbench [
\o           MultiChannel_EMG_TestBench:TCAimp_TB:1 ] for Point ID (9 4).
\o 
\o Delete psf data in /home/ykhuang/WorkingDir_XH018/Sim/MultiChannel_EMG_TestBench/TCAimp_TB/adexl/results/data/Interactive.9/4/MultiChannel_EMG_TestBench:TCAimp_TB:1/psf.
\o compose simulator input file...
\o       ...successful.
\o start simulator if needed...
\o       ...successful.
\o simulate...
\o To view the simulator output, right-click on the test name, result 
\o name, or any value in the "Results" tab of the Outputs section and 
\o choose "Output Log" menu option.
\o INFO (ADE-3071): Simulation completed successfully.
\o reading simulation data...
\o       ...successful.
\o *Info*    Client has finished evaluating ... 
\o 
\o 
\o *Info*    Run complete for Point ID (9 4) on testbench [
\o           MultiChannel_EMG_TestBench:TCAimp_TB:1 ].
\o 
\o 
\o 
\o 
\o 
\o 
\o 
\o 
\o 
\o 
\o *Info*    Run start for Point ID (9 5) on testbench [
\o           MultiChannel_EMG_TestBench:TCAimp_TB:1 ].
\o 
\o Resetting statistical vars
\o 
\o *Info*    Setting parameter values ...
\o 
\o 
\o *Info*    Netlist Directory =
\o           /home/ykhuang/WorkingDir_XH018/Sim/MultiChannel_EMG_TestBench/TCAimp_TB/adexl/results/data/Interactive.9/5/MultiChannel_EMG_TestBench:TCAimp_TB:1/netlist
\o 
\o 
\o *Info*    Data Directory    =
\o           /home/ykhuang/WorkingDir_XH018/Sim/MultiChannel_EMG_TestBench/TCAimp_TB/adexl/results/data/Interactive.9/5/MultiChannel_EMG_TestBench:TCAimp_TB:1
\o 
\o 
\o *Info*    Creating Netlist for Point ID (9 5)
\o 
\o generate netlist...
\o function ansCdlCompPrim redefined
\o function ansCdlCompPrim redefined
\o Begin Incremental Netlisting Oct  7 14:36:01 2021
\o End netlisting Oct  7 14:36:01 2021
\o 
\o 	The netlist is up to date.
\o 	Time taken to compare the design with netlist:   0.0s
\o       ...successful.
\o compose simulator input file...
\o       ...successful.
\o 
\o *Info*    Running simulation on testbench [
\o           MultiChannel_EMG_TestBench:TCAimp_TB:1 ] for Point ID (9 5).
\o 
\o Delete psf data in /home/ykhuang/WorkingDir_XH018/Sim/MultiChannel_EMG_TestBench/TCAimp_TB/adexl/results/data/Interactive.9/5/MultiChannel_EMG_TestBench:TCAimp_TB:1/psf.
\o compose simulator input file...
\o       ...successful.
\o start simulator if needed...
\o       ...successful.
\o simulate...
\o To view the simulator output, right-click on the test name, result 
\o name, or any value in the "Results" tab of the Outputs section and 
\o choose "Output Log" menu option.
\o INFO (ADE-3071): Simulation completed successfully.
\o reading simulation data...
\o       ...successful.
\o *Info*    Client has finished evaluating ... 
\o 
\o 
\o *Info*    Run complete for Point ID (9 5) on testbench [
\o           MultiChannel_EMG_TestBench:TCAimp_TB:1 ].
\o 
\o 
\o 
\o 
\o 
\o 
\o 
\o 
\o 
\o 
\o *Info*    Run start for Point ID (9 6) on testbench [
\o           MultiChannel_EMG_TestBench:TCAimp_TB:1 ].
\o 
\o Resetting statistical vars
\o 
\o *Info*    Setting parameter values ...
\o 
\o 
\o *Info*    Netlist Directory =
\o           /home/ykhuang/WorkingDir_XH018/Sim/MultiChannel_EMG_TestBench/TCAimp_TB/adexl/results/data/Interactive.9/6/MultiChannel_EMG_TestBench:TCAimp_TB:1/netlist
\o 
\o 
\o *Info*    Data Directory    =
\o           /home/ykhuang/WorkingDir_XH018/Sim/MultiChannel_EMG_TestBench/TCAimp_TB/adexl/results/data/Interactive.9/6/MultiChannel_EMG_TestBench:TCAimp_TB:1
\o 
\o 
\o *Info*    Creating Netlist for Point ID (9 6)
\o 
\o generate netlist...
\o function ansCdlCompPrim redefined
\o function ansCdlCompPrim redefined
\o Begin Incremental Netlisting Oct  7 14:36:02 2021
\o End netlisting Oct  7 14:36:02 2021
\o 
\o 	The netlist is up to date.
\o 	Time taken to compare the design with netlist:   0.0s
\o       ...successful.
\o compose simulator input file...
\o       ...successful.
\o 
\o *Info*    Running simulation on testbench [
\o           MultiChannel_EMG_TestBench:TCAimp_TB:1 ] for Point ID (9 6).
\o 
\o Delete psf data in /home/ykhuang/WorkingDir_XH018/Sim/MultiChannel_EMG_TestBench/TCAimp_TB/adexl/results/data/Interactive.9/6/MultiChannel_EMG_TestBench:TCAimp_TB:1/psf.
\o compose simulator input file...
\o       ...successful.
\o start simulator if needed...
\o       ...successful.
\o simulate...
\o To view the simulator output, right-click on the test name, result 
\o name, or any value in the "Results" tab of the Outputs section and 
\o choose "Output Log" menu option.
\o INFO (ADE-3071): Simulation completed successfully.
\o reading simulation data...
\o       ...successful.
\o *Info*    Client has finished evaluating ... 
\o 
\o 
\o *Info*    Run complete for Point ID (9 6) on testbench [
\o           MultiChannel_EMG_TestBench:TCAimp_TB:1 ].
\o 
\o 
\o 
\o 
\o 
\o 
\o 
\o 
\o 
\o 
\o *Info*    Run start for Point ID (9 7) on testbench [
\o           MultiChannel_EMG_TestBench:TCAimp_TB:1 ].
\o 
\o Resetting statistical vars
\o 
\o *Info*    Setting parameter values ...
\o 
\o 
\o *Info*    Netlist Directory =
\o           /home/ykhuang/WorkingDir_XH018/Sim/MultiChannel_EMG_TestBench/TCAimp_TB/adexl/results/data/Interactive.9/7/MultiChannel_EMG_TestBench:TCAimp_TB:1/netlist
\o 
\o 
\o *Info*    Data Directory    =
\o           /home/ykhuang/WorkingDir_XH018/Sim/MultiChannel_EMG_TestBench/TCAimp_TB/adexl/results/data/Interactive.9/7/MultiChannel_EMG_TestBench:TCAimp_TB:1
\o 
\o 
\o *Info*    Creating Netlist for Point ID (9 7)
\o 
\o generate netlist...
\o function ansCdlCompPrim redefined
\o function ansCdlCompPrim redefined
\o Begin Incremental Netlisting Oct  7 14:36:04 2021
\o End netlisting Oct  7 14:36:04 2021
\o 
\o 	The netlist is up to date.
\o 	Time taken to compare the design with netlist:   0.0s
\o       ...successful.
\o compose simulator input file...
\o       ...successful.
\o 
\o *Info*    Running simulation on testbench [
\o           MultiChannel_EMG_TestBench:TCAimp_TB:1 ] for Point ID (9 7).
\o 
\o Delete psf data in /home/ykhuang/WorkingDir_XH018/Sim/MultiChannel_EMG_TestBench/TCAimp_TB/adexl/results/data/Interactive.9/7/MultiChannel_EMG_TestBench:TCAimp_TB:1/psf.
\o compose simulator input file...
\o       ...successful.
\o start simulator if needed...
\o       ...successful.
\o simulate...
\o To view the simulator output, right-click on the test name, result 
\o name, or any value in the "Results" tab of the Outputs section and 
\o choose "Output Log" menu option.
\o INFO (ADE-3071): Simulation completed successfully.
\o reading simulation data...
\o       ...successful.
\o *Info*    Client has finished evaluating ... 
\o 
\o 
\o *Info*    Run complete for Point ID (9 7) on testbench [
\o           MultiChannel_EMG_TestBench:TCAimp_TB:1 ].
\o 
\o 
\o 
\o 
\o 
\o 
\o 
\o 
\o 
\o 
\o *Info*    Run start for Point ID (9 8) on testbench [
\o           MultiChannel_EMG_TestBench:TCAimp_TB:1 ].
\o 
\o Resetting statistical vars
\o 
\o *Info*    Setting parameter values ...
\o 
\o 
\o *Info*    Netlist Directory =
\o           /home/ykhuang/WorkingDir_XH018/Sim/MultiChannel_EMG_TestBench/TCAimp_TB/adexl/results/data/Interactive.9/8/MultiChannel_EMG_TestBench:TCAimp_TB:1/netlist
\o 
\o 
\o *Info*    Data Directory    =
\o           /home/ykhuang/WorkingDir_XH018/Sim/MultiChannel_EMG_TestBench/TCAimp_TB/adexl/results/data/Interactive.9/8/MultiChannel_EMG_TestBench:TCAimp_TB:1
\o 
\o 
\o *Info*    Creating Netlist for Point ID (9 8)
\o 
\o generate netlist...
\o function ansCdlCompPrim redefined
\o function ansCdlCompPrim redefined
\o Begin Incremental Netlisting Oct  7 14:36:05 2021
\o End netlisting Oct  7 14:36:05 2021
\o 
\o 	The netlist is up to date.
\o 	Time taken to compare the design with netlist:   0.0s
\o       ...successful.
\o compose simulator input file...
\o       ...successful.
\o 
\o *Info*    Running simulation on testbench [
\o           MultiChannel_EMG_TestBench:TCAimp_TB:1 ] for Point ID (9 8).
\o 
\o Delete psf data in /home/ykhuang/WorkingDir_XH018/Sim/MultiChannel_EMG_TestBench/TCAimp_TB/adexl/results/data/Interactive.9/8/MultiChannel_EMG_TestBench:TCAimp_TB:1/psf.
\o compose simulator input file...
\o       ...successful.
\o start simulator if needed...
\o       ...successful.
\o simulate...
\o To view the simulator output, right-click on the test name, result 
\o name, or any value in the "Results" tab of the Outputs section and 
\o choose "Output Log" menu option.
\o INFO (ADE-3071): Simulation completed successfully.
\o reading simulation data...
\o       ...successful.
\o *Info*    Client has finished evaluating ... 
\o 
\o 
\o *Info*    Run complete for Point ID (9 8) on testbench [
\o           MultiChannel_EMG_TestBench:TCAimp_TB:1 ].
\o 
\o 
\o 
\o 
\o 
\o 
\o 
\o 
\o 
\o 
\o *Info*    Run start for Point ID (9 9) on testbench [
\o           MultiChannel_EMG_TestBench:TCAimp_TB:1 ].
\o 
\o Resetting statistical vars
\o 
\o *Info*    Setting parameter values ...
\o 
\o 
\o *Info*    Netlist Directory =
\o           /home/ykhuang/WorkingDir_XH018/Sim/MultiChannel_EMG_TestBench/TCAimp_TB/adexl/results/data/Interactive.9/9/MultiChannel_EMG_TestBench:TCAimp_TB:1/netlist
\o 
\o 
\o *Info*    Data Directory    =
\o           /home/ykhuang/WorkingDir_XH018/Sim/MultiChannel_EMG_TestBench/TCAimp_TB/adexl/results/data/Interactive.9/9/MultiChannel_EMG_TestBench:TCAimp_TB:1
\o 
\o 
\o *Info*    Creating Netlist for Point ID (9 9)
\o 
\o generate netlist...
\o function ansCdlCompPrim redefined
\o function ansCdlCompPrim redefined
\o Begin Incremental Netlisting Oct  7 14:36:07 2021
\o End netlisting Oct  7 14:36:07 2021
\o 
\o 	The netlist is up to date.
\o 	Time taken to compare the design with netlist:   0.0s
\o       ...successful.
\o compose simulator input file...
\o       ...successful.
\o 
\o *Info*    Running simulation on testbench [
\o           MultiChannel_EMG_TestBench:TCAimp_TB:1 ] for Point ID (9 9).
\o 
\o Delete psf data in /home/ykhuang/WorkingDir_XH018/Sim/MultiChannel_EMG_TestBench/TCAimp_TB/adexl/results/data/Interactive.9/9/MultiChannel_EMG_TestBench:TCAimp_TB:1/psf.
\o compose simulator input file...
\o       ...successful.
\o start simulator if needed...
\o       ...successful.
\o simulate...
\o To view the simulator output, right-click on the test name, result 
\o name, or any value in the "Results" tab of the Outputs section and 
\o choose "Output Log" menu option.
\o INFO (ADE-3071): Simulation completed successfully.
\o reading simulation data...
\o       ...successful.
\o *Info*    Client has finished evaluating ... 
\o 
\o 
\o *Info*    Run complete for Point ID (9 9) on testbench [
\o           MultiChannel_EMG_TestBench:TCAimp_TB:1 ].
\o 
\o 
\o 
\o 
\o 
\o 
\o 
\o 
\o 
\o 
\o *Info*    Run start for Point ID (9 10) on testbench [
\o           MultiChannel_EMG_TestBench:TCAimp_TB:1 ].
\o 
\o Resetting statistical vars
\o 
\o *Info*    Setting parameter values ...
\o 
\o 
\o *Info*    Netlist Directory =
\o           /home/ykhuang/WorkingDir_XH018/Sim/MultiChannel_EMG_TestBench/TCAimp_TB/adexl/results/data/Interactive.9/10/MultiChannel_EMG_TestBench:TCAimp_TB:1/netlist
\o 
\o 
\o *Info*    Data Directory    =
\o           /home/ykhuang/WorkingDir_XH018/Sim/MultiChannel_EMG_TestBench/TCAimp_TB/adexl/results/data/Interactive.9/10/MultiChannel_EMG_TestBench:TCAimp_TB:1
\o 
\o 
\o *Info*    Creating Netlist for Point ID (9 10)
\o 
\o generate netlist...
\o function ansCdlCompPrim redefined
\o function ansCdlCompPrim redefined
\o Begin Incremental Netlisting Oct  7 14:36:09 2021
\o End netlisting Oct  7 14:36:09 2021
\o 
\o 	The netlist is up to date.
\o 	Time taken to compare the design with netlist:   0.0s
\o       ...successful.
\o compose simulator input file...
\o       ...successful.
\o 
\o *Info*    Running simulation on testbench [
\o           MultiChannel_EMG_TestBench:TCAimp_TB:1 ] for Point ID (9
\o           10).
\o 
\o Delete psf data in /home/ykhuang/WorkingDir_XH018/Sim/MultiChannel_EMG_TestBench/TCAimp_TB/adexl/results/data/Interactive.9/10/MultiChannel_EMG_TestBench:TCAimp_TB:1/psf.
\o compose simulator input file...
\o       ...successful.
\o start simulator if needed...
\o       ...successful.
\o simulate...
\o To view the simulator output, right-click on the test name, result 
\o name, or any value in the "Results" tab of the Outputs section and 
\o choose "Output Log" menu option.
\o INFO (ADE-3071): Simulation completed successfully.
\o reading simulation data...
\o       ...successful.
\o *Info*    Client has finished evaluating ... 
\o 
\o 
\o *Info*    Run complete for Point ID (9 10) on testbench [
\o           MultiChannel_EMG_TestBench:TCAimp_TB:1 ].
\o 
\o 
\o 
\o 
\o 
\o 
\o 
\o 
\o 
\o 
\o *Info*    Run start for Point ID (9 11) on testbench [
\o           MultiChannel_EMG_TestBench:TCAimp_TB:1 ].
\o 
\o Resetting statistical vars
\o 
\o *Info*    Setting parameter values ...
\o 
\o 
\o *Info*    Netlist Directory =
\o           /home/ykhuang/WorkingDir_XH018/Sim/MultiChannel_EMG_TestBench/TCAimp_TB/adexl/results/data/Interactive.9/11/MultiChannel_EMG_TestBench:TCAimp_TB:1/netlist
\o 
\o 
\o *Info*    Data Directory    =
\o           /home/ykhuang/WorkingDir_XH018/Sim/MultiChannel_EMG_TestBench/TCAimp_TB/adexl/results/data/Interactive.9/11/MultiChannel_EMG_TestBench:TCAimp_TB:1
\o 
\o 
\o *Info*    Creating Netlist for Point ID (9 11)
\o 
\o generate netlist...
\o function ansCdlCompPrim redefined
\o function ansCdlCompPrim redefined
\o Begin Incremental Netlisting Oct  7 14:36:10 2021
\o End netlisting Oct  7 14:36:10 2021
\o 
\o 	The netlist is up to date.
\o 	Time taken to compare the design with netlist:   0.0s
\o       ...successful.
\o compose simulator input file...
\o       ...successful.
\o 
\o *Info*    Running simulation on testbench [
\o           MultiChannel_EMG_TestBench:TCAimp_TB:1 ] for Point ID (9
\o           11).
\o 
\o Delete psf data in /home/ykhuang/WorkingDir_XH018/Sim/MultiChannel_EMG_TestBench/TCAimp_TB/adexl/results/data/Interactive.9/11/MultiChannel_EMG_TestBench:TCAimp_TB:1/psf.
\o compose simulator input file...
\o       ...successful.
\o start simulator if needed...
\o       ...successful.
\o simulate...
\o To view the simulator output, right-click on the test name, result 
\o name, or any value in the "Results" tab of the Outputs section and 
\o choose "Output Log" menu option.
\o INFO (ADE-3071): Simulation completed successfully.
\o reading simulation data...
\o       ...successful.
\o *Info*    Client has finished evaluating ... 
\o 
\o 
\o *Info*    Run complete for Point ID (9 11) on testbench [
\o           MultiChannel_EMG_TestBench:TCAimp_TB:1 ].
\o 
\o 
\o 
\o 
\o 
\o 
\o 
\o 
\o 
\o 
\o *Info*    Run start for Point ID (9 12) on testbench [
\o           MultiChannel_EMG_TestBench:TCAimp_TB:1 ].
\o 
\o Resetting statistical vars
\o 
\o *Info*    Setting parameter values ...
\o 
\o 
\o *Info*    Netlist Directory =
\o           /home/ykhuang/WorkingDir_XH018/Sim/MultiChannel_EMG_TestBench/TCAimp_TB/adexl/results/data/Interactive.9/12/MultiChannel_EMG_TestBench:TCAimp_TB:1/netlist
\o 
\o 
\o *Info*    Data Directory    =
\o           /home/ykhuang/WorkingDir_XH018/Sim/MultiChannel_EMG_TestBench/TCAimp_TB/adexl/results/data/Interactive.9/12/MultiChannel_EMG_TestBench:TCAimp_TB:1
\o 
\o 
\o *Info*    Creating Netlist for Point ID (9 12)
\o 
\o generate netlist...
\o function ansCdlCompPrim redefined
\o function ansCdlCompPrim redefined
\o Begin Incremental Netlisting Oct  7 14:36:12 2021
\o End netlisting Oct  7 14:36:12 2021
\o 
\o 	The netlist is up to date.
\o 	Time taken to compare the design with netlist:   0.0s
\o       ...successful.
\o compose simulator input file...
\o       ...successful.
\o 
\o *Info*    Running simulation on testbench [
\o           MultiChannel_EMG_TestBench:TCAimp_TB:1 ] for Point ID (9
\o           12).
\o 
\o Delete psf data in /home/ykhuang/WorkingDir_XH018/Sim/MultiChannel_EMG_TestBench/TCAimp_TB/adexl/results/data/Interactive.9/12/MultiChannel_EMG_TestBench:TCAimp_TB:1/psf.
\o compose simulator input file...
\o       ...successful.
\o start simulator if needed...
\o       ...successful.
\o simulate...
\o To view the simulator output, right-click on the test name, result 
\o name, or any value in the "Results" tab of the Outputs section and 
\o choose "Output Log" menu option.
\o INFO (ADE-3071): Simulation completed successfully.
\o reading simulation data...
\o       ...successful.
\o *Info*    Client has finished evaluating ... 
\o 
\o 
\o *Info*    Run complete for Point ID (9 12) on testbench [
\o           MultiChannel_EMG_TestBench:TCAimp_TB:1 ].
\o 
\o 
\o 
\o 
\o 
\o 
\o 
\o 
\o 
\o 
\o *Info*    Run start for Point ID (9 13) on testbench [
\o           MultiChannel_EMG_TestBench:TCAimp_TB:1 ].
\o 
\o Resetting statistical vars
\o 
\o *Info*    Setting parameter values ...
\o 
\o 
\o *Info*    Netlist Directory =
\o           /home/ykhuang/WorkingDir_XH018/Sim/MultiChannel_EMG_TestBench/TCAimp_TB/adexl/results/data/Interactive.9/13/MultiChannel_EMG_TestBench:TCAimp_TB:1/netlist
\o 
\o 
\o *Info*    Data Directory    =
\o           /home/ykhuang/WorkingDir_XH018/Sim/MultiChannel_EMG_TestBench/TCAimp_TB/adexl/results/data/Interactive.9/13/MultiChannel_EMG_TestBench:TCAimp_TB:1
\o 
\o 
\o *Info*    Creating Netlist for Point ID (9 13)
\o 
\o generate netlist...
\o function ansCdlCompPrim redefined
\o function ansCdlCompPrim redefined
\o Begin Incremental Netlisting Oct  7 14:36:13 2021
\o End netlisting Oct  7 14:36:13 2021
\o 
\o 	The netlist is up to date.
\o 	Time taken to compare the design with netlist:   0.0s
\o       ...successful.
\o compose simulator input file...
\o       ...successful.
\o 
\o *Info*    Running simulation on testbench [
\o           MultiChannel_EMG_TestBench:TCAimp_TB:1 ] for Point ID (9
\o           13).
\o 
\o Delete psf data in /home/ykhuang/WorkingDir_XH018/Sim/MultiChannel_EMG_TestBench/TCAimp_TB/adexl/results/data/Interactive.9/13/MultiChannel_EMG_TestBench:TCAimp_TB:1/psf.
\o compose simulator input file...
\o       ...successful.
\o start simulator if needed...
\o       ...successful.
\o simulate...
\o To view the simulator output, right-click on the test name, result 
\o name, or any value in the "Results" tab of the Outputs section and 
\o choose "Output Log" menu option.
\o INFO (ADE-3071): Simulation completed successfully.
\o reading simulation data...
\o       ...successful.
\o *Info*    Client has finished evaluating ... 
\o 
\o 
\o *Info*    Run complete for Point ID (9 13) on testbench [
\o           MultiChannel_EMG_TestBench:TCAimp_TB:1 ].
\o 
\o 
\o 
\o 
\o 
\o 
\o 
\o 
\o 
\o 
\o *Info*    Run start for Point ID (9 14) on testbench [
\o           MultiChannel_EMG_TestBench:TCAimp_TB:1 ].
\o 
\o Resetting statistical vars
\o 
\o *Info*    Setting parameter values ...
\o 
\o 
\o *Info*    Netlist Directory =
\o           /home/ykhuang/WorkingDir_XH018/Sim/MultiChannel_EMG_TestBench/TCAimp_TB/adexl/results/data/Interactive.9/14/MultiChannel_EMG_TestBench:TCAimp_TB:1/netlist
\o 
\o 
\o *Info*    Data Directory    =
\o           /home/ykhuang/WorkingDir_XH018/Sim/MultiChannel_EMG_TestBench/TCAimp_TB/adexl/results/data/Interactive.9/14/MultiChannel_EMG_TestBench:TCAimp_TB:1
\o 
\o 
\o *Info*    Creating Netlist for Point ID (9 14)
\o 
\o generate netlist...
\o function ansCdlCompPrim redefined
\o function ansCdlCompPrim redefined
\o Begin Incremental Netlisting Oct  7 14:36:15 2021
\o End netlisting Oct  7 14:36:15 2021
\o 
\o 	The netlist is up to date.
\o 	Time taken to compare the design with netlist:   0.0s
\o       ...successful.
\o compose simulator input file...
\o       ...successful.
\o 
\o *Info*    Running simulation on testbench [
\o           MultiChannel_EMG_TestBench:TCAimp_TB:1 ] for Point ID (9
\o           14).
\o 
\o Delete psf data in /home/ykhuang/WorkingDir_XH018/Sim/MultiChannel_EMG_TestBench/TCAimp_TB/adexl/results/data/Interactive.9/14/MultiChannel_EMG_TestBench:TCAimp_TB:1/psf.
\o compose simulator input file...
\o       ...successful.
\o start simulator if needed...
\o       ...successful.
\o simulate...
\o To view the simulator output, right-click on the test name, result 
\o name, or any value in the "Results" tab of the Outputs section and 
\o choose "Output Log" menu option.
\o INFO (ADE-3071): Simulation completed successfully.
\o reading simulation data...
\o       ...successful.
\o *Info*    Client has finished evaluating ... 
\o 
\o 
\o *Info*    Run complete for Point ID (9 14) on testbench [
\o           MultiChannel_EMG_TestBench:TCAimp_TB:1 ].
\o 
\o 
\o 
\o 
\o 
\o 
\o 
\o 
\o 
\o 
\o *Info*    Run start for Point ID (9 15) on testbench [
\o           MultiChannel_EMG_TestBench:TCAimp_TB:1 ].
\o 
\o Resetting statistical vars
\o 
\o *Info*    Setting parameter values ...
\o 
\o 
\o *Info*    Netlist Directory =
\o           /home/ykhuang/WorkingDir_XH018/Sim/MultiChannel_EMG_TestBench/TCAimp_TB/adexl/results/data/Interactive.9/15/MultiChannel_EMG_TestBench:TCAimp_TB:1/netlist
\o 
\o 
\o *Info*    Data Directory    =
\o           /home/ykhuang/WorkingDir_XH018/Sim/MultiChannel_EMG_TestBench/TCAimp_TB/adexl/results/data/Interactive.9/15/MultiChannel_EMG_TestBench:TCAimp_TB:1
\o 
\o 
\o *Info*    Creating Netlist for Point ID (9 15)
\o 
\o generate netlist...
\o function ansCdlCompPrim redefined
\o function ansCdlCompPrim redefined
\o Begin Incremental Netlisting Oct  7 14:36:16 2021
\o End netlisting Oct  7 14:36:16 2021
\o 
\o 	The netlist is up to date.
\o 	Time taken to compare the design with netlist:   0.0s
\o       ...successful.
\o compose simulator input file...
\o       ...successful.
\o 
\o *Info*    Running simulation on testbench [
\o           MultiChannel_EMG_TestBench:TCAimp_TB:1 ] for Point ID (9
\o           15).
\o 
\o Delete psf data in /home/ykhuang/WorkingDir_XH018/Sim/MultiChannel_EMG_TestBench/TCAimp_TB/adexl/results/data/Interactive.9/15/MultiChannel_EMG_TestBench:TCAimp_TB:1/psf.
\o compose simulator input file...
\o       ...successful.
\o start simulator if needed...
\o       ...successful.
\o simulate...
\o To view the simulator output, right-click on the test name, result 
\o name, or any value in the "Results" tab of the Outputs section and 
\o choose "Output Log" menu option.
\o INFO (ADE-3071): Simulation completed successfully.
\o reading simulation data...
\o       ...successful.
\o *Info*    Client has finished evaluating ... 
\o 
\o 
\o *Info*    Run complete for Point ID (9 15) on testbench [
\o           MultiChannel_EMG_TestBench:TCAimp_TB:1 ].
\o 
\o 
\o 
\o 
\o 
\o 
\o 
\o 
\o 
\o 
\o *Info*    Run start for Point ID (9 16) on testbench [
\o           MultiChannel_EMG_TestBench:TCAimp_TB:1 ].
\o 
\o Resetting statistical vars
\o 
\o *Info*    Setting parameter values ...
\o 
\o 
\o *Info*    Netlist Directory =
\o           /home/ykhuang/WorkingDir_XH018/Sim/MultiChannel_EMG_TestBench/TCAimp_TB/adexl/results/data/Interactive.9/16/MultiChannel_EMG_TestBench:TCAimp_TB:1/netlist
\o 
\o 
\o *Info*    Data Directory    =
\o           /home/ykhuang/WorkingDir_XH018/Sim/MultiChannel_EMG_TestBench/TCAimp_TB/adexl/results/data/Interactive.9/16/MultiChannel_EMG_TestBench:TCAimp_TB:1
\o 
\o 
\o *Info*    Creating Netlist for Point ID (9 16)
\o 
\o generate netlist...
\o function ansCdlCompPrim redefined
\o function ansCdlCompPrim redefined
\o Begin Incremental Netlisting Oct  7 14:36:18 2021
\o End netlisting Oct  7 14:36:18 2021
\o 
\o 	The netlist is up to date.
\o 	Time taken to compare the design with netlist:   0.0s
\o       ...successful.
\o compose simulator input file...
\o       ...successful.
\o 
\o *Info*    Running simulation on testbench [
\o           MultiChannel_EMG_TestBench:TCAimp_TB:1 ] for Point ID (9
\o           16).
\o 
\o Delete psf data in /home/ykhuang/WorkingDir_XH018/Sim/MultiChannel_EMG_TestBench/TCAimp_TB/adexl/results/data/Interactive.9/16/MultiChannel_EMG_TestBench:TCAimp_TB:1/psf.
\o compose simulator input file...
\o       ...successful.
\o start simulator if needed...
\o       ...successful.
\o simulate...
\o To view the simulator output, right-click on the test name, result 
\o name, or any value in the "Results" tab of the Outputs section and 
\o choose "Output Log" menu option.
\o INFO (ADE-3071): Simulation completed successfully.
\o reading simulation data...
\o       ...successful.
\o *Info*    Client has finished evaluating ... 
\o 
\o 
\o *Info*    Run complete for Point ID (9 16) on testbench [
\o           MultiChannel_EMG_TestBench:TCAimp_TB:1 ].
\o 
\o 
\o 
\o 
\o 
\o 
\o 
\o 
\o 
\o 
\o *Info*    Run start for Point ID (9 17) on testbench [
\o           MultiChannel_EMG_TestBench:TCAimp_TB:1 ].
\o 
\o Resetting statistical vars
\o 
\o *Info*    Setting parameter values ...
\o 
\o 
\o *Info*    Netlist Directory =
\o           /home/ykhuang/WorkingDir_XH018/Sim/MultiChannel_EMG_TestBench/TCAimp_TB/adexl/results/data/Interactive.9/17/MultiChannel_EMG_TestBench:TCAimp_TB:1/netlist
\o 
\o 
\o *Info*    Data Directory    =
\o           /home/ykhuang/WorkingDir_XH018/Sim/MultiChannel_EMG_TestBench/TCAimp_TB/adexl/results/data/Interactive.9/17/MultiChannel_EMG_TestBench:TCAimp_TB:1
\o 
\o 
\o *Info*    Creating Netlist for Point ID (9 17)
\o 
\o generate netlist...
\o function ansCdlCompPrim redefined
\o function ansCdlCompPrim redefined
\o Begin Incremental Netlisting Oct  7 14:36:19 2021
\o End netlisting Oct  7 14:36:19 2021
\o 
\o 	The netlist is up to date.
\o 	Time taken to compare the design with netlist:   0.0s
\o       ...successful.
\o compose simulator input file...
\o       ...successful.
\o 
\o *Info*    Running simulation on testbench [
\o           MultiChannel_EMG_TestBench:TCAimp_TB:1 ] for Point ID (9
\o           17).
\o 
\o Delete psf data in /home/ykhuang/WorkingDir_XH018/Sim/MultiChannel_EMG_TestBench/TCAimp_TB/adexl/results/data/Interactive.9/17/MultiChannel_EMG_TestBench:TCAimp_TB:1/psf.
\o compose simulator input file...
\o       ...successful.
\o start simulator if needed...
\o       ...successful.
\o simulate...
\o To view the simulator output, right-click on the test name, result 
\o name, or any value in the "Results" tab of the Outputs section and 
\o choose "Output Log" menu option.
\o INFO (ADE-3071): Simulation completed successfully.
\o reading simulation data...
\o       ...successful.
\o *Info*    Client has finished evaluating ... 
\o 
\o 
\o *Info*    Run complete for Point ID (9 17) on testbench [
\o           MultiChannel_EMG_TestBench:TCAimp_TB:1 ].
\o 
\o 
\o 
\o 
\o 
\o Job 193 timed out after no activity in 300 seconds.
\o Simulation design variables differ from those on the cellView,
\o they have been saved in the file "/tmp/saved-design-variables1".
\o To save future changes, copy variables to cellView before exiting.
\o 
\o *Info*    Received signal SIGTERM.
\o 
\o 
\# Memory report: on exit            479 MB, process size 1,798 MB at UTC 2021.10.07 12:41:21.335
\# Memory report: peak usage         479 MB, process size 1,798 MB
