*Info*    Exporting services from client ... 

*Info*    Client has finished starting ... 



*Info*    Configuring the session ...

	Library      = MultiChannel_EMG_TestBench
	Cell         = TCAimp_TB
	View         = schematic
	Simulator    = spectre
	State Path   = $AXL_SETUPDB_DIR/test_states
	State Name   = MultiChannel_EMG_TestBench:TCAimp_TB:1_none_Interactive.18
	Results DB   = /home/ykhuang/WorkingDir_XH018/MultiChannel_EMG_TestBench/TCAimp_TB/adexl/results/data/Interactive.18.rdb
	Results Dir  = /home/ykhuang/WorkingDir_XH018/Sim/MultiChannel_EMG_TestBench/TCAimp_TB/adexl/results/data/Interactive.18/1/MultiChannel_EMG_TestBench:TCAimp_TB:1
	Results Loc  = /home/ykhuang/WorkingDir_XH018/Sim/MultiChannel_EMG_TestBench/TCAimp_TB/adexl/results/data
	Project Dir  = /home/ykhuang/WorkingDir_XH018/Sim
	Setup DB loc = /home/ykhuang/WorkingDir_XH018/MultiChannel_EMG_TestBench/TCAimp_TB/adexl
	File Encoding = 0


variable oasisVariableValue redefined
variable persistNewList redefined

*Info*    The auto suspension is disabled.






*Info*    Run start for Point ID (18 1) on testbench [
          MultiChannel_EMG_TestBench:TCAimp_TB:1 ].

Resetting statistical vars

*Info*    Setting parameter values ...

Setting var AMP = "500u"
Setting var IPULSE_BIAS = "0"
Setting var VCM = "900m"
Setting var VCM_AC = "0"
Setting var VDC_IN = "0"
Setting var VDD = "1.8"
Setting var VDD_AC = "0"
Setting var VD_PULSE = "0"
Setting var VIN_AC = "1"
Setting var VIN_PULSE = "0"
Setting var VOS = "0"
Setting var fsig = "500"
Setting temp(T) = 27

*Info*    Netlist Directory =
          /home/ykhuang/WorkingDir_XH018/Sim/MultiChannel_EMG_TestBench/TCAimp_TB/adexl/results/data/Interactive.18/1/MultiChannel_EMG_TestBench:TCAimp_TB:1/netlist


*Info*    Data Directory    =
          /home/ykhuang/WorkingDir_XH018/Sim/MultiChannel_EMG_TestBench/TCAimp_TB/adexl/results/data/Interactive.18/1/MultiChannel_EMG_TestBench:TCAimp_TB:1


*Info*    Creating Netlist for Point ID (18 1)

generate netlist...
function ansCdlCompPrim redefined
function ansCdlCompPrim redefined
function ansCdlCompPrim redefined
Begin Incremental Netlisting Oct  8 15:11:28 2021
WARNING (OSSHNL-160): The primitive, 'analogLib/cap/spectre', was not used in the last netlisting session in this
current run directory. Therefore, re-netlisting all cell views where this
primitive is instantiated.

End netlisting Oct  8 15:11:28 2021

Netlisting Statistics:
	Number of components:   18

	Elapsed time:          0.0s
Errors: 0	Warnings: 0
      ...successful.
compose simulator input file...
      ...successful.

*Info*    Running simulation on testbench [
          MultiChannel_EMG_TestBench:TCAimp_TB:1 ] for Point ID (18
          1).

Delete psf data in /home/ykhuang/WorkingDir_XH018/Sim/MultiChannel_EMG_TestBench/TCAimp_TB/adexl/results/data/Interactive.18/1/MultiChannel_EMG_TestBench:TCAimp_TB:1/psf.
compose simulator input file...
      ...successful.
start simulator if needed...
      ...successful.
simulate...
To view the simulator output, right-click on the test name, result 
name, or any value in the "Results" tab of the Outputs section and 
choose "Output Log" menu option.
INFO (ADE-3071): Simulation completed successfully.
reading simulation data...
      ...successful.
*Info*    Client has finished evaluating ... 


*Info*    Run complete for Point ID (18 1) on testbench [
          MultiChannel_EMG_TestBench:TCAimp_TB:1 ].





Simulation design variables differ from those on the cellView,
they have been saved in the file "/tmp/saved-design-variables1".
To save future changes, copy variables to cellView before exiting.
