*Info*    Exporting services from client ... 

*Info*    Client has finished starting ... 



*Info*    Configuring the session ...

	Library      = MultiChannel_EMG_TestBench
	Cell         = TCA_DSL_Chopping_TB
	View         = config
	Simulator    = ams
	State Path   = $AXL_SETUPDB_DIR/test_states
	State Name   = MultiChannel_EMG_TestBench:TCA_DSL_Chopping_TB:1_none_Interactive.20
	Results DB   = /home/ykhuang/WorkingDir_XH018/MultiChannel_EMG_TestBench/TCA_DSL_Chopping_TB/adexl/results/data/Interactive.20.rdb
	Results Dir  = /home/ykhuang/WorkingDir_XH018/Sim/MultiChannel_EMG_TestBench/TCA_DSL_Chopping_TB/adexl/results/data/Interactive.20/1/MultiChannel_EMG_TestBench:TCA_DSL_Chopping_TB:1
	Results Loc  = /home/ykhuang/WorkingDir_XH018/Sim/MultiChannel_EMG_TestBench/TCA_DSL_Chopping_TB/adexl/results/data
	Project Dir  = /home/ykhuang/WorkingDir_XH018/Sim
	Setup DB loc = /home/ykhuang/WorkingDir_XH018/MultiChannel_EMG_TestBench/TCA_DSL_Chopping_TB/adexl
	File Encoding = 0


variable oasisVariableValue redefined
variable persistNewList redefined

*Info*    The auto suspension is disabled.






*Info*    Run start for Point ID (3 1) on testbench [
          MultiChannel_EMG_TestBench:TCA_DSL_Chopping_TB:1 ].

Resetting statistical vars

*Info*    Setting parameter values ...

Setting var Amp_input = "300m"
Setting var CM_DC = "0.9"
Setting var Freq_input = "500"
Setting var Vos = "0"
Setting temp(T) = 27

*Info*    Netlist Directory =
          /home/ykhuang/WorkingDir_XH018/Sim/MultiChannel_EMG_TestBench/TCA_DSL_Chopping_TB/adexl/results/data/Interactive.20/1/MultiChannel_EMG_TestBench:TCA_DSL_Chopping_TB:1/netlist


*Info*    Data Directory    =
          /home/ykhuang/WorkingDir_XH018/Sim/MultiChannel_EMG_TestBench/TCA_DSL_Chopping_TB/adexl/results/data/Interactive.20/1/MultiChannel_EMG_TestBench:TCA_DSL_Chopping_TB:1


*Info*    Creating Netlist for Point ID (3 1)

generate netlist...
INFO (AMS-2142): The AMS Unified Netlisting (AMS UNL) flow has been enabled.
INFO (AMS-2031): The instances bound to the views specified in the 'Netlist using spectre CDF simInfo'
 field in the Netlister form (Simulation->Options->Netlister) will be netlisted as
 analog primitives using the Spectre CDF simulation information.
function ansCdlCompPrim redefined
function ansCdlCompPrim redefined
Initializing the control file using cp:
    cp /pkg/cadence/installs/IC618/tools.lnx86/dfII/etc/si/control.ver /home/ykhuang/WorkingDir_XH018/Sim/MultiChannel_EMG_TestBench/TCA_DSL_Chopping_TB/adexl/results/data/Interactive.20/1/MultiChannel_EMG_TestBench:TCA_DSL_Chopping_TB:1/netlist/digital/control
Begin Netlisting Oct  7 16:45:50 2021
INFO (VLOGNET-60): The stimulus name mapped table will not be printed in the 
"/home/ykhuang/WorkingDir_XH018/Sim/MultiChannel_EMG_TestBench/TCA_DSL_Chopping_TB/adexl/results/data/Interactive.20/1/MultiChannel_EMG_TestBench:TCA_DSL_Chopping_TB:1/netlist/digital/testfixture.verilog" file. To print the stimulus name mapped table, set 
simVerilogPrintStimulusNameMappingTable = t either in CIW or the .simrc file 
before invoking Verilog netlister.
 
INFO (VLOGNET-62): Database internal net names will be printed for floating instance ports. To prevent 
them from being printed, set simVerilogProcessNullPorts = t either in CIW or 
the .simrc file.
 
INFO (VLOGNET-64): All cellviews in the design will be printed in the Netlist Configuration list. 
If you want to print only those cellviews that need to be re-netlisted in the 
list, set simVerilogIncrementalNetlistConfigList = t either in CIW or the 
.simrc file.
 
INFO (VLOGNET-68): The initial state of stimulus of all inout pins is set to "z". To get inout 
pins with initial state of "0", set hnlVerilogIOInitStimulusStr = "0" 
either in CIW or the .simrc file.
 
INFO (AMS-2150): Generating the 'changedVarsSummary' file in the 'netlist' directory. This file prints the values of the netlister control variables, which are different from their default values. To disable the file creation, type 'envSetVal("ams.netlisterOpts" "print_control_vars" 'boolean nil )' in the '.cdsinit' file.
INFO (VLOGNET-117): Re-netlisting the entire design.

INFO (VLOGNET-118): Using connection by name (explicit connections) for all stopping and 
non-stopping cells.
 
WARNING (VLOGNET-110): The cell 'MultiChannel_EMG_TestBench/TCA_DSL_Chopping_TB/schematic' has no ports. Make sure that this was the intended 
design.
 
INFO (VLOGNET-126): ---------- Beginning netlist configuration information ----------



CELL NAME                   VIEW NAME            NOTE             
---------                   ---------            ----             

cap                         spectre              *Stopping View*  
neli                        spectre              *Stopping View*  
vdc                         spectre              *Stopping View*  
idc                         spectre              *Stopping View*  
switch                      verilogams           *Stopping View*  
vsin                        spectre              *Stopping View*  
pel                         spectre              *Stopping View*  
iprobe                      spectre              *Stopping View*  
nel                         spectre              *Stopping View*  
rpp1k1                      spectre              *Stopping View*  
ClockGen                    functional           *Stopping View*  
TCA_DSL_Chopping_TB         schematic                             
PseudoResistor_45GOhm       schematic                             
Chopper                     schematic                             

---------- End of netlist configuration information   ----------
function ansCdlCompPrim redefined
function ansCdlCompPrim redefined
function ansCdlCompPrim redefined
Initializing the control file using cp:
    cp /pkg/cadence/installs/IC618/tools.lnx86/dfII/etc/si/control.spectre /home/ykhuang/WorkingDir_XH018/Sim/MultiChannel_EMG_TestBench/TCA_DSL_Chopping_TB/adexl/results/data/Interactive.20/1/MultiChannel_EMG_TestBench:TCA_DSL_Chopping_TB:1/netlist/analog/control
Copying Spectre source file 'spectre.inp'
Copying Spectre command file 'spectre.sim'
Running netlist assembly..
........
End netlisting Oct  7 16:45:59 2021
INFO (AMS-1241): AMS UNL netlisting has completed successfully.
To view the modules, right-click the test name on the Tests and Analyses 
assistant pane and choose Netlist->Display menu option.
      ...successful.
create cds_globals...
      ...successful.
compose simulator input file...
      ...successful.

*Info*    Running simulation on testbench [
          MultiChannel_EMG_TestBench:TCA_DSL_Chopping_TB:1 ] for
          Point ID (3 1).

Delete simulation data in /home/ykhuang/WorkingDir_XH018/Sim/MultiChannel_EMG_TestBench/TCA_DSL_Chopping_TB/adexl/results/data/Interactive.20/1/MultiChannel_EMG_TestBench:TCA_DSL_Chopping_TB:1/psf.
create cds_globals...
      ...successful.
compose simulator input file...
      ...successful.
validating simulator hierarchy...
      ...successful.
running...
To check for output from compilation, elaboration and simulation run, 
right-click on the test name, result name, or any value in the "Results" 
tab of the Outputs section and choose "Output Log" menu option.
INFO (ADE-3071): Simulation completed successfully.
reading simulation data...
      ...successful.
*Info*    Client has finished evaluating ... 

ERROR (ADEXL-2708): Evaluation of output 'I_DSL_diff' failed for point:'1' test:'MultiChannel_EMG_TestBench:TCA_DSL_Chopping_TB:1'
	Expression:'(IT("/I33/OUTP") - IT("/I33/OUTN"))'
	because of the following error(s)
	*Error* difference: can't handle (nil - nil).
Ensure that the definition of output is correct.


*Info*    Run complete for Point ID (3 1) on testbench [
          MultiChannel_EMG_TestBench:TCA_DSL_Chopping_TB:1 ].





Simulation design variables differ from those on the cellView,
they have been saved in the file "/tmp/saved-design-variables1".
To save future changes, copy variables to cellView before exiting.
