*Info*    Exporting services from client ... 

*Info*    Client has finished starting ... 



*Info*    Configuring the session ...

	Library      = MultiChannel_EMG_IMP
	Cell         = TCA_3
	View         = schematic
	Simulator    = spectre
	State Path   = $AXL_SETUPDB_DIR/test_states
	State Name   = MultiChannel_EMG_IMP:TCA_3:1_none_Interactive.80
	Results DB   = /home/ykhuang/WorkingDir_XH018/MultiChannel_EMG_IMP/TCA_3/adexl/results/data/Interactive.80.rdb
	Results Dir  = /home/ykhuang/WorkingDir_XH018/Sim/MultiChannel_EMG_IMP/TCA_3/adexl/results/data/Interactive.80/1/MultiChannel_EMG_IMP:TCA_3:1
	Results Loc  = /home/ykhuang/WorkingDir_XH018/Sim/MultiChannel_EMG_IMP/TCA_3/adexl/results/data
	Project Dir  = /home/ykhuang/WorkingDir_XH018/Sim
	Setup DB loc = /home/ykhuang/WorkingDir_XH018/MultiChannel_EMG_IMP/TCA_3/adexl
	File Encoding = 0


variable oasisVariableValue redefined
variable persistNewList redefined

*Info*    The auto suspension is disabled.






*Info*    Run start for Point ID (26 1) on testbench [
          MultiChannel_EMG_IMP:TCA_3:1 ].

Resetting statistical vars

*Info*    Setting parameter values ...

Setting var Amp_input = "100u"
Setting var CM_DC = "0.9"
Setting var Freq_input = "500"
Setting var Vos = "0"
Setting temp(T) = 27

*Info*    Netlist Directory =
          /home/ykhuang/WorkingDir_XH018/Sim/MultiChannel_EMG_IMP/TCA_3/adexl/results/data/Interactive.80/1/MultiChannel_EMG_IMP:TCA_3:1/netlist


*Info*    Data Directory    =
          /home/ykhuang/WorkingDir_XH018/Sim/MultiChannel_EMG_IMP/TCA_3/adexl/results/data/Interactive.80/1/MultiChannel_EMG_IMP:TCA_3:1


*Info*    Creating Netlist for Point ID (26 1)

generate netlist...
function ansCdlCompPrim redefined
function ansCdlCompPrim redefined
Begin Incremental Netlisting Oct  5 12:37:30 2021
End netlisting Oct  5 12:37:30 2021

Netlisting Statistics:
	Number of components:   49

	Elapsed time:          0.0s
Errors: 0	Warnings: 0
      ...successful.
compose simulator input file...
      ...successful.

*Info*    Running simulation on testbench [
          MultiChannel_EMG_IMP:TCA_3:1 ] for Point ID (26 1).

Delete psf data in /home/ykhuang/WorkingDir_XH018/Sim/MultiChannel_EMG_IMP/TCA_3/adexl/results/data/Interactive.80/1/MultiChannel_EMG_IMP:TCA_3:1/psf.
compose simulator input file...
      ...successful.
start simulator if needed...
      ...successful.
simulate...
To view the simulator output, right-click on the test name, result 
name, or any value in the "Results" tab of the Outputs section and 
choose "Output Log" menu option.
INFO (ADE-3071): Simulation completed successfully.
reading simulation data...
      ...successful.
*Info*    Client has finished evaluating ... 

WARNING (OCN-6038): Results tran are not available for /home/ykhuang/WorkingDir_XH018/Sim/MultiChannel_EMG_IMP/TCA_3/adexl/results/data/Interactive.80/1/MultiChannel_EMG_IMP:TCA_3:1/psf. Use results() for a list of available results.
WARNING (OCN-6038): Results tran are not available for /home/ykhuang/WorkingDir_XH018/Sim/MultiChannel_EMG_IMP/TCA_3/adexl/results/data/Interactive.80/1/MultiChannel_EMG_IMP:TCA_3:1/psf. Use results() for a list of available results.
ERROR (ADEXL-2708): Evaluation of output 'InjectingCurrent_diff_tran' failed for point:'1' test:'MultiChannel_EMG_IMP:TCA_3:1'
	Expression:'(IT("/M30/D") - IT("/M31/D"))'
	because of the following error(s)
	*Error* difference: can't handle (nil - nil).
Ensure that the definition of output is correct.

WARNING (OCN-6038): Results ac are not available for /home/ykhuang/WorkingDir_XH018/Sim/MultiChannel_EMG_IMP/TCA_3/adexl/results/data/Interactive.80/1/MultiChannel_EMG_IMP:TCA_3:1/psf. Use results() for a list of available results.
WARNING (OCN-6038): Results ac are not available for /home/ykhuang/WorkingDir_XH018/Sim/MultiChannel_EMG_IMP/TCA_3/adexl/results/data/Interactive.80/1/MultiChannel_EMG_IMP:TCA_3:1/psf. Use results() for a list of available results.
ERROR (ADEXL-2708): Evaluation of output 'Iout_diff_ac_dB' failed for point:'1' test:'MultiChannel_EMG_IMP:TCA_3:1'
	Expression:'dB20((IF("/IPRB1/PLUS") - IF("/IPRB0/PLUS")))'
	because of the following error(s)
	*Error* difference: can't handle (nil - nil).
Ensure that the definition of output is correct.

WARNING (OCN-6038): Results ac are not available for /home/ykhuang/WorkingDir_XH018/Sim/MultiChannel_EMG_IMP/TCA_3/adexl/results/data/Interactive.80/1/MultiChannel_EMG_IMP:TCA_3:1/psf. Use results() for a list of available results.
WARNING (OCN-6038): Results ac are not available for /home/ykhuang/WorkingDir_XH018/Sim/MultiChannel_EMG_IMP/TCA_3/adexl/results/data/Interactive.80/1/MultiChannel_EMG_IMP:TCA_3:1/psf. Use results() for a list of available results.
ERROR (ADEXL-2708): Evaluation of output 'Iout_diff_ac' failed for point:'1' test:'MultiChannel_EMG_IMP:TCA_3:1'
	Expression:'(IF("/IPRB1/PLUS") - IF("/IPRB0/PLUS"))'
	because of the following error(s)
	*Error* difference: can't handle (nil - nil).
Ensure that the definition of output is correct.

WARNING (OCN-6038): Results tran are not available for /home/ykhuang/WorkingDir_XH018/Sim/MultiChannel_EMG_IMP/TCA_3/adexl/results/data/Interactive.80/1/MultiChannel_EMG_IMP:TCA_3:1/psf. Use results() for a list of available results.
WARNING (OCN-6038): Results tran are not available for /home/ykhuang/WorkingDir_XH018/Sim/MultiChannel_EMG_IMP/TCA_3/adexl/results/data/Interactive.80/1/MultiChannel_EMG_IMP:TCA_3:1/psf. Use results() for a list of available results.
ERROR (ADEXL-2708): Evaluation of output 'Iout_diff_tran' failed for point:'1' test:'MultiChannel_EMG_IMP:TCA_3:1'
	Expression:'(IT("/IPRB1/PLUS") - IT("/IPRB0/PLUS"))'
	because of the following error(s)
	*Error* difference: can't handle (nil - nil).
Ensure that the definition of output is correct.

WARNING (OCN-6038): Results tran are not available for /home/ykhuang/WorkingDir_XH018/Sim/MultiChannel_EMG_IMP/TCA_3/adexl/results/data/Interactive.80/1/MultiChannel_EMG_IMP:TCA_3:1/psf. Use results() for a list of available results.
WARNING (OCN-6038): Results tran are not available for /home/ykhuang/WorkingDir_XH018/Sim/MultiChannel_EMG_IMP/TCA_3/adexl/results/data/Interactive.80/1/MultiChannel_EMG_IMP:TCA_3:1/psf. Use results() for a list of available results.
WARNING (OCN-6038): Results tran are not available for /home/ykhuang/WorkingDir_XH018/Sim/MultiChannel_EMG_IMP/TCA_3/adexl/results/data/Interactive.80/1/MultiChannel_EMG_IMP:TCA_3:1/psf. Use results() for a list of available results.
WARNING (OCN-6038): Results tran are not available for /home/ykhuang/WorkingDir_XH018/Sim/MultiChannel_EMG_IMP/TCA_3/adexl/results/data/Interactive.80/1/MultiChannel_EMG_IMP:TCA_3:1/psf. Use results() for a list of available results.
ERROR (ADEXL-2708): Evaluation of output 'LPFout_diff_tran' failed for point:'1' test:'MultiChannel_EMG_IMP:TCA_3:1'
	Expression:'(VT("/LPFoutp") - VT("/LPFoutn"))'
	because of the following error(s)
	*Error* difference: can't handle (nil - nil).
Ensure that the definition of output is correct.

WARNING (OCN-6038): Results ac are not available for /home/ykhuang/WorkingDir_XH018/Sim/MultiChannel_EMG_IMP/TCA_3/adexl/results/data/Interactive.80/1/MultiChannel_EMG_IMP:TCA_3:1/psf. Use results() for a list of available results.
WARNING (OCN-6038): Results ac are not available for /home/ykhuang/WorkingDir_XH018/Sim/MultiChannel_EMG_IMP/TCA_3/adexl/results/data/Interactive.80/1/MultiChannel_EMG_IMP:TCA_3:1/psf. Use results() for a list of available results.
ERROR (ADEXL-2708): Evaluation of output 'Phase' failed for point:'1' test:'MultiChannel_EMG_IMP:TCA_3:1'
	Expression:'phase((IF("/IPRB1/PLUS") - IF("/IPRB0/PLUS")))'
	because of the following error(s)
	*Error* difference: can't handle (nil - nil).
Ensure that the definition of output is correct.

WARNING (OCN-6038): Results tran are not available for /home/ykhuang/WorkingDir_XH018/Sim/MultiChannel_EMG_IMP/TCA_3/adexl/results/data/Interactive.80/1/MultiChannel_EMG_IMP:TCA_3:1/psf. Use results() for a list of available results.
WARNING (OCN-6038): Results tran are not available for /home/ykhuang/WorkingDir_XH018/Sim/MultiChannel_EMG_IMP/TCA_3/adexl/results/data/Interactive.80/1/MultiChannel_EMG_IMP:TCA_3:1/psf. Use results() for a list of available results.
WARNING (OCN-6038): Results tran are not available for /home/ykhuang/WorkingDir_XH018/Sim/MultiChannel_EMG_IMP/TCA_3/adexl/results/data/Interactive.80/1/MultiChannel_EMG_IMP:TCA_3:1/psf. Use results() for a list of available results.
WARNING (OCN-6038): Results tran are not available for /home/ykhuang/WorkingDir_XH018/Sim/MultiChannel_EMG_IMP/TCA_3/adexl/results/data/Interactive.80/1/MultiChannel_EMG_IMP:TCA_3:1/psf. Use results() for a list of available results.
ERROR (ADEXL-2708): Evaluation of output 'Vs_diff_tran' failed for point:'1' test:'MultiChannel_EMG_IMP:TCA_3:1'
	Expression:'(VT("/VSp") - VT("/VSn"))'
	because of the following error(s)
	*Error* difference: can't handle (nil - nil).
Ensure that the definition of output is correct.


*Info*    Run complete for Point ID (26 1) on testbench [
          MultiChannel_EMG_IMP:TCA_3:1 ].





Simulation design variables differ from those on the cellView,
they have been saved in the file "/tmp/saved-design-variables1".
To save future changes, copy variables to cellView before exiting.
