xmvlog(64): 18.03-s018: (c) Copyright 1995-2019 Cadence Design Systems, Inc.
TOOL:	xmvlog(64)	18.03-s018: Started on Oct 07, 2021 at 16:31:33 CEST
xmvlog
    -use5x
    -SPECIFICUNIT switch
    -zparse /tmp/vamsZparfcj925
    -NOWARN DLNOHV
    -work MultiChannel_EMG_Model
    -view verilogams
    -nostdout
    -logfile /home/ykhuang/WorkingDir_XH018/.cadence/dfII/TextSupport/Logs/Parser/verilogams/MultiChannel_EMG_Model/verilogams/compile0.log
    -messages
    -ams
    -cdslib /home/ykhuang/WorkingDir_XH018/cds.lib
    /home/ykhuang/WorkingDir_XH018/MultiChannel_EMG_Model/switch/verilogams/verilog.vams

file: /home/ykhuang/WorkingDir_XH018/MultiChannel_EMG_Model/switch/verilogams/verilog.vams
	module MultiChannel_EMG_Model.switch:verilogams
		errors: 0, warnings: 0
	 writing out DPL output:
TOOL:	xmvlog(64)	18.03-s018: Exiting on Oct 07, 2021 at 16:31:33 CEST  (total: 00:00:00)
