TOOL:	xrun(64)	18.03-s018: Started on Oct 01, 2021 at 10:18:20 CEST
xrun
	-f /home/ykhuang/WorkingDir_XH018/Sim/TCA_DSL/ams/config/netlist/.mapi/mapi_run.args
		-64bit
		-compile
		-NOCOPYRIGHT
		-nostdout
		-nowarn DLNOHV
		-logfile /home/ykhuang/WorkingDir_XH018/Sim/TCA_DSL/ams/config/netlist/.mapi/mapirun.log
		-nowarn DLNOHV
		-nowarn DLCLAP
		-v93
		-allowredefinition
		-incdir /home/ykhuang/WorkingDir_XH018/
		-nclibdirpath /home/ykhuang/WorkingDir_XH018/Sim/TCA_DSL/ams/config/netlist/.mapi/
		-cdslib /home/ykhuang/WorkingDir_XH018/Sim/TCA_DSL/ams/config/netlist/.mapi/cds.lib
		-amscompilefile "file:/home/ykhuang/WorkingDir_XH018/MultiChannel_EMG_Model/LPF_FrontEnd/verilogams/verilog.vams lib:MultiChannel_EMG_Model cell:LPF_FrontEnd view:verilogams"
		/home/ykhuang/WorkingDir_XH018/Sim/TCA_DSL/ams/config/netlist/.mapi//dummyMapi.vams
		/home/ykhuang/WorkingDir_XH018/Sim/TCA_DSL/ams/config/netlist/.mapi//dummyMapi.vhms
xrun: *W,OPDEPRREN: Command Line Option (-nclibdirpath) is deprecated. Use (-xmlibdirpath) instead.
file: /home/ykhuang/WorkingDir_XH018/Sim/TCA_DSL/ams/config/netlist/.mapi//dummyMapi.vams
file: /home/ykhuang/WorkingDir_XH018/MultiChannel_EMG_Model/LPF_FrontEnd/verilogams/verilog.vams
	module MultiChannel_EMG_Model.LPF_FrontEnd:verilogams
		errors: 0, warnings: 0
xmvlog: *W,SPDUSD: Include directory /home/ykhuang/WorkingDir_XH018/ given but not used.
	Total errors/warnings found outside modules and primitives:
		errors: 0, warnings: 1
TOOL:	xrun(64)	18.03-s018: Exiting on Oct 01, 2021 at 10:18:22 CEST  (total: 00:00:02)
